Using pre-set license
Built from '2022.3/staging' branch; Version is '2022.3.41f1 (0f988161febf) revision 1022081'; Using compiler version '192829333'; Build Type 'Release'
OS: 'Windows 10  (10.0.19045) 64bit Core' Language: 'en' Physical Memory: 32714 MB
BatchMode: 1, IsHumanControllingUs: 0, StartBugReporterOnCrash: 0, Is64bit: 1, IsPro: 1

COMMAND LINE ARGUMENTS:
P:\GameDev\Unity Project\2022.3.41f1\Editor\Unity.exe
-adb2
-batchMode
-noUpm
-name
AssetImportWorker1
-projectPath
P:/GameDev/Unity Project/Projects/pgj8game/vampgame
-logFile
Logs/AssetImportWorker1.log
-srvPort
65327
Successfully changed project path to: P:/GameDev/Unity Project/Projects/pgj8game/vampgame
P:/GameDev/Unity Project/Projects/pgj8game/vampgame
[UnityMemory] Configuration Parameters - Can be set up in boot.config
    "memorysetup-bucket-allocator-granularity=16"
    "memorysetup-bucket-allocator-bucket-count=8"
    "memorysetup-bucket-allocator-block-size=33554432"
    "memorysetup-bucket-allocator-block-count=8"
    "memorysetup-main-allocator-block-size=16777216"
    "memorysetup-thread-allocator-block-size=16777216"
    "memorysetup-gfx-main-allocator-block-size=16777216"
    "memorysetup-gfx-thread-allocator-block-size=16777216"
    "memorysetup-cache-allocator-block-size=4194304"
    "memorysetup-typetree-allocator-block-size=2097152"
    "memorysetup-profiler-bucket-allocator-granularity=16"
    "memorysetup-profiler-bucket-allocator-bucket-count=8"
    "memorysetup-profiler-bucket-allocator-block-size=33554432"
    "memorysetup-profiler-bucket-allocator-block-count=8"
    "memorysetup-profiler-allocator-block-size=16777216"
    "memorysetup-profiler-editor-allocator-block-size=1048576"
    "memorysetup-temp-allocator-size-main=16777216"
    "memorysetup-job-temp-allocator-block-size=2097152"
    "memorysetup-job-temp-allocator-block-size-background=1048576"
    "memorysetup-job-temp-allocator-reduction-small-platforms=262144"
    "memorysetup-allocator-temp-initial-block-size-main=262144"
    "memorysetup-allocator-temp-initial-block-size-worker=262144"
    "memorysetup-temp-allocator-size-background-worker=32768"
    "memorysetup-temp-allocator-size-job-worker=262144"
    "memorysetup-temp-allocator-size-preload-manager=33554432"
    "memorysetup-temp-allocator-size-nav-mesh-worker=65536"
    "memorysetup-temp-allocator-size-audio-worker=65536"
    "memorysetup-temp-allocator-size-cloud-worker=32768"
    "memorysetup-temp-allocator-size-gi-baking-worker=262144"
    "memorysetup-temp-allocator-size-gfx=262144"
Player connection [22976]  Target information:

Player connection [22976]  * "[IP] 192.168.1.116 [Port] 0 [Flags] 2 [Guid] 1021101245 [EditorId] 1021101245 [Version] 1048832 [Id] WindowsEditor(7,DESKTOP-7AFMETN) [Debug] 1 [PackageName] WindowsEditor [ProjectName] Editor" 

Player connection [22976]  * "[IP] 192.168.56.1 [Port] 0 [Flags] 2 [Guid] 1021101245 [EditorId] 1021101245 [Version] 1048832 [Id] WindowsEditor(7,DESKTOP-7AFMETN) [Debug] 1 [PackageName] WindowsEditor [ProjectName] Editor" 

Player connection [22976] Host joined multi-casting on [225.0.0.222:54997]...
Player connection [22976] Host joined alternative multi-casting on [225.0.0.222:34997]...
[PhysX] Initialized MultithreadedTaskDispatcher with 12 workers.
Refreshing native plugins compatible for Editor in 17.87 ms, found 4 plugins.
Preloading 0 native plugins for Editor in 0.00 ms.
Initialize engine version: 2022.3.41f1 (0f988161febf)
[Subsystems] Discovering subsystems at path P:/GameDev/Unity Project/2022.3.41f1/Editor/Data/Resources/UnitySubsystems
[Subsystems] Discovering subsystems at path P:/GameDev/Unity Project/Projects/pgj8game/vampgame/Assets
GfxDevice: creating device client; threaded=0; jobified=0
Direct3D:
    Version:  Direct3D 11.0 [level 11.1]
    Renderer: NVIDIA GeForce GTX 1080 Ti (ID=0x1b06)
    Vendor:   NVIDIA
    VRAM:     11106 MB
    Driver:   31.0.15.5178
Initialize mono
Mono path[0] = 'P:/GameDev/Unity Project/2022.3.41f1/Editor/Data/Managed'
Mono path[1] = 'P:/GameDev/Unity Project/2022.3.41f1/Editor/Data/MonoBleedingEdge/lib/mono/unityjit-win32'
Mono config path = 'P:/GameDev/Unity Project/2022.3.41f1/Editor/Data/MonoBleedingEdge/etc'
Using monoOptions --debugger-agent=transport=dt_socket,embedding=1,server=y,suspend=n,address=127.0.0.1:56292
Begin MonoManager ReloadAssembly
Registering precompiled unity dll's ...
Register platform support module: P:/GameDev/Unity Project/2022.3.41f1/Editor/Data/PlaybackEngines/WebGLSupport/UnityEditor.WebGL.Extensions.dll
Register platform support module: P:/GameDev/Unity Project/2022.3.41f1/Editor/Data/PlaybackEngines/WindowsStandaloneSupport/UnityEditor.WindowsStandalone.Extensions.dll
Registered in 0.006356 seconds.
- Loaded All Assemblies, in  0.368 seconds
Native extension for WindowsStandalone target not found
Native extension for WebGL target not found
Mono: successfully reloaded assembly
- Finished resetting the current domain, in  0.257 seconds
Domain Reload Profiling: 625ms
	BeginReloadAssembly (124ms)
		ExecutionOrderSort (0ms)
		DisableScriptedObjects (0ms)
		BackupInstance (0ms)
		ReleaseScriptingObjects (0ms)
		CreateAndSetChildDomain (1ms)
	RebuildCommonClasses (36ms)
	RebuildNativeTypeToScriptingClass (11ms)
	initialDomainReloadingComplete (52ms)
	LoadAllAssembliesAndSetupDomain (144ms)
		LoadAssemblies (124ms)
		RebuildTransferFunctionScriptingTraits (0ms)
		AnalyzeDomain (142ms)
			TypeCache.Refresh (140ms)
				TypeCache.ScanAssembly (128ms)
			ScanForSourceGeneratedMonoScriptInfo (0ms)
			ResolveRequiredComponents (1ms)
	FinalizeReload (257ms)
		ReleaseScriptCaches (0ms)
		RebuildScriptCaches (0ms)
		SetupLoadedEditorAssemblies (212ms)
			LogAssemblyErrors (0ms)
			InitializePlatformSupportModulesInManaged (9ms)
			SetLoadedEditorAssemblies (5ms)
			RefreshPlugins (0ms)
			BeforeProcessingInitializeOnLoad (2ms)
			ProcessInitializeOnLoadAttributes (151ms)
			ProcessInitializeOnLoadMethodAttributes (45ms)
			AfterProcessingInitializeOnLoad (0ms)
			EditorAssembliesLoaded (0ms)
		ExecutionOrderSort2 (0ms)
		AwakeInstancesAfterBackupRestoration (0ms)
========================================================================
Worker process is ready to serve import requests
Caller must complete domain reload
Begin MonoManager ReloadAssembly
- Loaded All Assemblies, in  0.751 seconds
Native extension for WindowsStandalone target not found
Native extension for WebGL target not found
Package Manager log level set to [2]
[Package Manager] Server::EnsureServerProcessIsRunning -- launch failed, reason: Unity was launched with the -noUpm command-line argument
[Package Manager] UpmClient::Send -- Unable to send message (not connected to UPM process).
[Package Manager] Cannot connect to Unity Package Manager local server
Mono: successfully reloaded assembly
- Finished resetting the current domain, in  0.628 seconds
Domain Reload Profiling: 1380ms
	BeginReloadAssembly (190ms)
		ExecutionOrderSort (0ms)
		DisableScriptedObjects (13ms)
		BackupInstance (0ms)
		ReleaseScriptingObjects (0ms)
		CreateAndSetChildDomain (24ms)
	RebuildCommonClasses (34ms)
	RebuildNativeTypeToScriptingClass (11ms)
	initialDomainReloadingComplete (37ms)
	LoadAllAssembliesAndSetupDomain (480ms)
		LoadAssemblies (361ms)
		RebuildTransferFunctionScriptingTraits (0ms)
		AnalyzeDomain (225ms)
			TypeCache.Refresh (188ms)
				TypeCache.ScanAssembly (171ms)
			ScanForSourceGeneratedMonoScriptInfo (27ms)
			ResolveRequiredComponents (10ms)
	FinalizeReload (629ms)
		ReleaseScriptCaches (0ms)
		RebuildScriptCaches (0ms)
		SetupLoadedEditorAssemblies (482ms)
			LogAssemblyErrors (0ms)
			InitializePlatformSupportModulesInManaged (6ms)
			SetLoadedEditorAssemblies (3ms)
			RefreshPlugins (0ms)
			BeforeProcessingInitializeOnLoad (75ms)
			ProcessInitializeOnLoadAttributes (320ms)
			ProcessInitializeOnLoadMethodAttributes (75ms)
			AfterProcessingInitializeOnLoad (3ms)
			EditorAssembliesLoaded (0ms)
		ExecutionOrderSort2 (0ms)
		AwakeInstancesAfterBackupRestoration (6ms)
Launched and connected shader compiler UnityShaderCompiler.exe after 0.04 seconds
Refreshing native plugins compatible for Editor in 6.46 ms, found 4 plugins.
Preloading 0 native plugins for Editor in 0.00 ms.
Unloading 5713 Unused Serialized files (Serialized files now loaded: 0)
Unloading 56 unused Assets / (0.9 MB). Loaded Objects now: 6157.
Memory consumption went from 216.7 MB to 215.7 MB.
Total: 4.280500 ms (FindLiveObjects: 0.601200 ms CreateObjectMapping: 0.213400 ms MarkObjects: 3.012300 ms  DeleteObjects: 0.452500 ms)

AssetImportParameters requested are different than current active one (requested -> active):
  custom:container-demuxer-ogg: 62fdf1f143b41e24485cea50d1cbac27 -> 
  custom:video-decoder-ogg-theora: a1e56fd34408186e4bbccfd4996cb3dc -> 
  custom:framework-win-MediaFoundation: 216162199b28c13a410421893ffa2e32 -> 
  custom:CustomObjectIndexerAttribute: 72b91833f83ae208fae7752999fa3104 -> 
  custom:container-demuxer-webm: 4f35f7cbe854078d1ac9338744f61a02 -> 
  custom:container-muxer-webm: aa71ff27fc2769a1b78a27578f13a17b -> 
  custom:video-decoder-webm-vp8: 9c59270c3fd7afecdb556c50c9e8de78 -> 
  custom:SearchIndexIgnoredProperties: e643bd26f0fe6173181afceb89e7c659 -> 
  custom:AudioImporter_EditorPlatform: d09bf68614088b80899f8185d706f6e7 -> 
  custom:video-encoder-webm-vp8: eb34c28f22e8b96e1ab97ce403110664 -> 
  custom:audio-decoder-ogg-vorbis: bf7c407c2cedff20999df2af8eb42d56 -> 
  custom:audio-encoder-webm-vorbis: bf7c407c2cedff20999df2af8eb42d56 -> 
========================================================================
Received Import Request.
  Time since last request: 23544.254363 seconds.
  path: Assets/Scripts/Enemies/States
  artifactKey: Guid(b04e4aa9decfd474aa7c89434c9bf677) Importer(815301076,1909f56bfc062723c751e8b465ee728b)
Start importing Assets/Scripts/Enemies/States using Guid(b04e4aa9decfd474aa7c89434c9bf677) Importer(815301076,1909f56bfc062723c751e8b465ee728b) [PhysX] Initialized MultithreadedTaskDispatcher with 12 workers.
 -> (artifact id: '7a174aa9167173ddd423cbb7776e7214') in 0.002493 seconds
Number of updated asset objects reloaded before import = 0
Number of asset objects unloaded after import = 0
========================================================================
Received Prepare
Caller must complete domain reload
Begin MonoManager ReloadAssembly
- Loaded All Assemblies, in  1.217 seconds
Native extension for WindowsStandalone target not found
Native extension for WebGL target not found
[Package Manager] Server::EnsureServerProcessIsRunning -- launch failed, reason: Unity was launched with the -noUpm command-line argument
[Package Manager] UpmClient::Send -- Unable to send message (not connected to UPM process).
[Package Manager] Cannot connect to Unity Package Manager local server
Mono: successfully reloaded assembly
- Finished resetting the current domain, in  0.671 seconds
Domain Reload Profiling: 1890ms
	BeginReloadAssembly (866ms)
		ExecutionOrderSort (0ms)
		DisableScriptedObjects (698ms)
		BackupInstance (0ms)
		ReleaseScriptingObjects (0ms)
		CreateAndSetChildDomain (40ms)
	RebuildCommonClasses (35ms)
	RebuildNativeTypeToScriptingClass (11ms)
	initialDomainReloadingComplete (26ms)
	LoadAllAssembliesAndSetupDomain (279ms)
		LoadAssemblies (329ms)
		RebuildTransferFunctionScriptingTraits (0ms)
		AnalyzeDomain (48ms)
			TypeCache.Refresh (10ms)
				TypeCache.ScanAssembly (0ms)
			ScanForSourceGeneratedMonoScriptInfo (25ms)
			ResolveRequiredComponents (10ms)
	FinalizeReload (672ms)
		ReleaseScriptCaches (0ms)
		RebuildScriptCaches (0ms)
		SetupLoadedEditorAssemblies (470ms)
			LogAssemblyErrors (0ms)
			InitializePlatformSupportModulesInManaged (5ms)
			SetLoadedEditorAssemblies (3ms)
			RefreshPlugins (0ms)
			BeforeProcessingInitializeOnLoad (94ms)
			ProcessInitializeOnLoadAttributes (295ms)
			ProcessInitializeOnLoadMethodAttributes (70ms)
			AfterProcessingInitializeOnLoad (3ms)
			EditorAssembliesLoaded (0ms)
		ExecutionOrderSort2 (0ms)
		AwakeInstancesAfterBackupRestoration (13ms)
Refreshing native plugins compatible for Editor in 6.04 ms, found 4 plugins.
Preloading 0 native plugins for Editor in 0.00 ms.
Unloading 5576 Unused Serialized files (Serialized files now loaded: 0)
Unloading 43 unused Assets / (0.9 MB). Loaded Objects now: 6164.
Memory consumption went from 194.5 MB to 193.6 MB.
Total: 4.425200 ms (FindLiveObjects: 0.683500 ms CreateObjectMapping: 0.165100 ms MarkObjects: 3.049500 ms  DeleteObjects: 0.525400 ms)

Prepare: number of updated asset objects reloaded= 0
AssetImportParameters requested are different than current active one (requested -> active):
  custom:scripting/monoscript/fileName/PatrolAction.cs: 22341709d4eee5b2d25efeeed0158f7e -> 
  custom:container-demuxer-ogg: 62fdf1f143b41e24485cea50d1cbac27 -> 
  custom:video-decoder-ogg-theora: a1e56fd34408186e4bbccfd4996cb3dc -> 
  custom:framework-win-MediaFoundation: 216162199b28c13a410421893ffa2e32 -> 
  custom:CustomObjectIndexerAttribute: 72b91833f83ae208fae7752999fa3104 -> 
  custom:container-demuxer-webm: 4f35f7cbe854078d1ac9338744f61a02 -> 
  custom:container-muxer-webm: aa71ff27fc2769a1b78a27578f13a17b -> 
  custom:video-decoder-webm-vp8: 9c59270c3fd7afecdb556c50c9e8de78 -> 
  custom:SearchIndexIgnoredProperties: e643bd26f0fe6173181afceb89e7c659 -> 
  custom:AudioImporter_EditorPlatform: d09bf68614088b80899f8185d706f6e7 -> 
  custom:video-encoder-webm-vp8: eb34c28f22e8b96e1ab97ce403110664 -> 
  custom:audio-decoder-ogg-vorbis: bf7c407c2cedff20999df2af8eb42d56 -> 
  custom:audio-encoder-webm-vorbis: bf7c407c2cedff20999df2af8eb42d56 -> 
  custom:scripting/precompiled-assembly-types:Assembly-CSharp: bd18c70e3bde06869cd554aabba0aff8 -> 95d7ddf1f3bfd14a740fc755b4e037a1
========================================================================
Received Prepare
Caller must complete domain reload
Begin MonoManager ReloadAssembly
- Loaded All Assemblies, in  0.725 seconds
Native extension for WindowsStandalone target not found
Native extension for WebGL target not found
[Package Manager] Server::EnsureServerProcessIsRunning -- launch failed, reason: Unity was launched with the -noUpm command-line argument
[Package Manager] UpmClient::Send -- Unable to send message (not connected to UPM process).
[Package Manager] Cannot connect to Unity Package Manager local server
Mono: successfully reloaded assembly
- Finished resetting the current domain, in  1.393 seconds
Domain Reload Profiling: 2118ms
	BeginReloadAssembly (218ms)
		ExecutionOrderSort (0ms)
		DisableScriptedObjects (22ms)
		BackupInstance (0ms)
		ReleaseScriptingObjects (0ms)
		CreateAndSetChildDomain (55ms)
	RebuildCommonClasses (36ms)
	RebuildNativeTypeToScriptingClass (18ms)
	initialDomainReloadingComplete (29ms)
	LoadAllAssembliesAndSetupDomain (423ms)
		LoadAssemblies (480ms)
		RebuildTransferFunctionScriptingTraits (0ms)
		AnalyzeDomain (52ms)
			TypeCache.Refresh (13ms)
				TypeCache.ScanAssembly (0ms)
			ScanForSourceGeneratedMonoScriptInfo (25ms)
			ResolveRequiredComponents (12ms)
	FinalizeReload (1394ms)
		ReleaseScriptCaches (0ms)
		RebuildScriptCaches (0ms)
		SetupLoadedEditorAssemblies (497ms)
			LogAssemblyErrors (0ms)
			InitializePlatformSupportModulesInManaged (7ms)
			SetLoadedEditorAssemblies (4ms)
			RefreshPlugins (0ms)
			BeforeProcessingInitializeOnLoad (87ms)
			ProcessInitializeOnLoadAttributes (313ms)
			ProcessInitializeOnLoadMethodAttributes (82ms)
			AfterProcessingInitializeOnLoad (3ms)
			EditorAssembliesLoaded (0ms)
		ExecutionOrderSort2 (0ms)
		AwakeInstancesAfterBackupRestoration (15ms)
Refreshing native plugins compatible for Editor in 6.11 ms, found 4 plugins.
Preloading 0 native plugins for Editor in 0.00 ms.
Unloading 5580 Unused Serialized files (Serialized files now loaded: 0)
Unloading 43 unused Assets / (0.9 MB). Loaded Objects now: 6173.
Memory consumption went from 194.6 MB to 193.7 MB.
Total: 5.539200 ms (FindLiveObjects: 0.950300 ms CreateObjectMapping: 0.491100 ms MarkObjects: 3.521900 ms  DeleteObjects: 0.574200 ms)

Prepare: number of updated asset objects reloaded= 0
AssetImportParameters requested are different than current active one (requested -> active):
  custom:scripting/monoscript/fileName/PatrolAction.cs: 22341709d4eee5b2d25efeeed0158f7e -> 
  custom:container-demuxer-ogg: 62fdf1f143b41e24485cea50d1cbac27 -> 
  custom:scripting/monoscript/fileName/ChaseAction.cs: 08a884b04413c227c1efaecfd498ef76 -> 
  custom:video-decoder-ogg-theora: a1e56fd34408186e4bbccfd4996cb3dc -> 
  custom:framework-win-MediaFoundation: 216162199b28c13a410421893ffa2e32 -> 
  custom:scripting/monoscript/fileName/EnemySight.cs: a6491aeba952bde53f42d6a671299159 -> 
  custom:scripting/monoscript/fileName/LineOfSightDecision.cs: 4adaa147deca1b95707703819c1cf06d -> 
  custom:CustomObjectIndexerAttribute: 72b91833f83ae208fae7752999fa3104 -> 
  custom:container-demuxer-webm: 4f35f7cbe854078d1ac9338744f61a02 -> 
  custom:container-muxer-webm: aa71ff27fc2769a1b78a27578f13a17b -> 
  custom:scripting/monoscript/fileName/PatrolPoints.cs: 8bcda65e53c8aa533ffcde705be93cc6 -> 
  custom:video-decoder-webm-vp8: 9c59270c3fd7afecdb556c50c9e8de78 -> 
  custom:SearchIndexIgnoredProperties: e643bd26f0fe6173181afceb89e7c659 -> 
  custom:AudioImporter_EditorPlatform: d09bf68614088b80899f8185d706f6e7 -> 
  custom:video-encoder-webm-vp8: eb34c28f22e8b96e1ab97ce403110664 -> 
  custom:audio-decoder-ogg-vorbis: bf7c407c2cedff20999df2af8eb42d56 -> 
  custom:audio-encoder-webm-vorbis: bf7c407c2cedff20999df2af8eb42d56 -> 
  custom:scripting/precompiled-assembly-types:Assembly-CSharp: 8dbff46b55f9caf757e8ab17d1be5969 -> 95d7ddf1f3bfd14a740fc755b4e037a1
========================================================================
Received Prepare
Caller must complete domain reload
Begin MonoManager ReloadAssembly
- Loaded All Assemblies, in  0.527 seconds
Native extension for WindowsStandalone target not found
Native extension for WebGL target not found
[Package Manager] Server::EnsureServerProcessIsRunning -- launch failed, reason: Unity was launched with the -noUpm command-line argument
[Package Manager] UpmClient::Send -- Unable to send message (not connected to UPM process).
[Package Manager] Cannot connect to Unity Package Manager local server
Mono: successfully reloaded assembly
- Finished resetting the current domain, in  1.296 seconds
Domain Reload Profiling: 1823ms
	BeginReloadAssembly (188ms)
		ExecutionOrderSort (0ms)
		DisableScriptedObjects (11ms)
		BackupInstance (0ms)
		ReleaseScriptingObjects (0ms)
		CreateAndSetChildDomain (43ms)
	RebuildCommonClasses (38ms)
	RebuildNativeTypeToScriptingClass (11ms)
	initialDomainReloadingComplete (29ms)
	LoadAllAssembliesAndSetupDomain (259ms)
		LoadAssemblies (339ms)
		RebuildTransferFunctionScriptingTraits (0ms)
		AnalyzeDomain (22ms)
			TypeCache.Refresh (7ms)
				TypeCache.ScanAssembly (0ms)
			ScanForSourceGeneratedMonoScriptInfo (0ms)
			ResolveRequiredComponents (13ms)
	FinalizeReload (1297ms)
		ReleaseScriptCaches (0ms)
		RebuildScriptCaches (0ms)
		SetupLoadedEditorAssemblies (421ms)
			LogAssemblyErrors (0ms)
			InitializePlatformSupportModulesInManaged (6ms)
			SetLoadedEditorAssemblies (3ms)
			RefreshPlugins (0ms)
			BeforeProcessingInitializeOnLoad (74ms)
			ProcessInitializeOnLoadAttributes (270ms)
			ProcessInitializeOnLoadMethodAttributes (65ms)
			AfterProcessingInitializeOnLoad (3ms)
			EditorAssembliesLoaded (0ms)
		ExecutionOrderSort2 (0ms)
		AwakeInstancesAfterBackupRestoration (12ms)
Refreshing native plugins compatible for Editor in 7.70 ms, found 4 plugins.
Preloading 0 native plugins for Editor in 0.00 ms.
Unloading 5580 Unused Serialized files (Serialized files now loaded: 0)
Unloading 43 unused Assets / (0.9 MB). Loaded Objects now: 6178.
Memory consumption went from 194.6 MB to 193.7 MB.
Total: 5.220200 ms (FindLiveObjects: 0.852200 ms CreateObjectMapping: 0.228700 ms MarkObjects: 3.607800 ms  DeleteObjects: 0.529900 ms)

Prepare: number of updated asset objects reloaded= 0
AssetImportParameters requested are different than current active one (requested -> active):
  custom:scripting/monoscript/fileName/PatrolAction.cs: 22341709d4eee5b2d25efeeed0158f7e -> 
  custom:container-demuxer-ogg: 62fdf1f143b41e24485cea50d1cbac27 -> 
  custom:scripting/monoscript/fileName/ChaseAction.cs: 08a884b04413c227c1efaecfd498ef76 -> 
  custom:video-decoder-ogg-theora: a1e56fd34408186e4bbccfd4996cb3dc -> 
  custom:framework-win-MediaFoundation: 216162199b28c13a410421893ffa2e32 -> 
  custom:scripting/monoscript/fileName/EnemySight.cs: a6491aeba952bde53f42d6a671299159 -> 
  custom:scripting/monoscript/fileName/LineOfSightDecision.cs: 4adaa147deca1b95707703819c1cf06d -> 
  custom:CustomObjectIndexerAttribute: 72b91833f83ae208fae7752999fa3104 -> 
  custom:container-demuxer-webm: 4f35f7cbe854078d1ac9338744f61a02 -> 
  custom:container-muxer-webm: aa71ff27fc2769a1b78a27578f13a17b -> 
  custom:scripting/monoscript/fileName/PatrolPoints.cs: 8bcda65e53c8aa533ffcde705be93cc6 -> 
  custom:video-decoder-webm-vp8: 9c59270c3fd7afecdb556c50c9e8de78 -> 
  custom:SearchIndexIgnoredProperties: e643bd26f0fe6173181afceb89e7c659 -> 
  custom:AudioImporter_EditorPlatform: d09bf68614088b80899f8185d706f6e7 -> 
  custom:video-encoder-webm-vp8: eb34c28f22e8b96e1ab97ce403110664 -> 
  custom:audio-decoder-ogg-vorbis: bf7c407c2cedff20999df2af8eb42d56 -> 
  custom:audio-encoder-webm-vorbis: bf7c407c2cedff20999df2af8eb42d56 -> 
  custom:scripting/precompiled-assembly-types:Assembly-CSharp: 8dbff46b55f9caf757e8ab17d1be5969 -> 95d7ddf1f3bfd14a740fc755b4e037a1
========================================================================
Received Prepare
Caller must complete domain reload
Begin MonoManager ReloadAssembly
- Loaded All Assemblies, in  0.551 seconds
Native extension for WindowsStandalone target not found
Native extension for WebGL target not found
[Package Manager] Server::EnsureServerProcessIsRunning -- launch failed, reason: Unity was launched with the -noUpm command-line argument
[Package Manager] UpmClient::Send -- Unable to send message (not connected to UPM process).
[Package Manager] Cannot connect to Unity Package Manager local server
Mono: successfully reloaded assembly
- Finished resetting the current domain, in  1.281 seconds
Domain Reload Profiling: 1831ms
	BeginReloadAssembly (182ms)
		ExecutionOrderSort (0ms)
		DisableScriptedObjects (17ms)
		BackupInstance (0ms)
		ReleaseScriptingObjects (0ms)
		CreateAndSetChildDomain (35ms)
	RebuildCommonClasses (37ms)
	RebuildNativeTypeToScriptingClass (18ms)
	initialDomainReloadingComplete (27ms)
	LoadAllAssembliesAndSetupDomain (286ms)
		LoadAssemblies (341ms)
		RebuildTransferFunctionScriptingTraits (0ms)
		AnalyzeDomain (48ms)
			TypeCache.Refresh (11ms)
				TypeCache.ScanAssembly (0ms)
			ScanForSourceGeneratedMonoScriptInfo (22ms)
			ResolveRequiredComponents (13ms)
	FinalizeReload (1281ms)
		ReleaseScriptCaches (0ms)
		RebuildScriptCaches (0ms)
		SetupLoadedEditorAssemblies (443ms)
			LogAssemblyErrors (0ms)
			InitializePlatformSupportModulesInManaged (6ms)
			SetLoadedEditorAssemblies (3ms)
			RefreshPlugins (0ms)
			BeforeProcessingInitializeOnLoad (77ms)
			ProcessInitializeOnLoadAttributes (279ms)
			ProcessInitializeOnLoadMethodAttributes (75ms)
			AfterProcessingInitializeOnLoad (3ms)
			EditorAssembliesLoaded (0ms)
		ExecutionOrderSort2 (0ms)
		AwakeInstancesAfterBackupRestoration (15ms)
Refreshing native plugins compatible for Editor in 6.89 ms, found 4 plugins.
Preloading 0 native plugins for Editor in 0.00 ms.
Unloading 5580 Unused Serialized files (Serialized files now loaded: 0)
Unloading 43 unused Assets / (0.9 MB). Loaded Objects now: 6183.
Memory consumption went from 194.6 MB to 193.7 MB.
Total: 4.167100 ms (FindLiveObjects: 0.625700 ms CreateObjectMapping: 0.181100 ms MarkObjects: 2.864800 ms  DeleteObjects: 0.493900 ms)

Prepare: number of updated asset objects reloaded= 0
AssetImportParameters requested are different than current active one (requested -> active):
  custom:scripting/monoscript/fileName/PatrolAction.cs: 22341709d4eee5b2d25efeeed0158f7e -> 
  custom:container-demuxer-ogg: 62fdf1f143b41e24485cea50d1cbac27 -> 
  custom:scripting/monoscript/fileName/ChaseAction.cs: 08a884b04413c227c1efaecfd498ef76 -> 
  custom:video-decoder-ogg-theora: a1e56fd34408186e4bbccfd4996cb3dc -> 
  custom:framework-win-MediaFoundation: 216162199b28c13a410421893ffa2e32 -> 
  custom:scripting/monoscript/fileName/EnemySight.cs: a6491aeba952bde53f42d6a671299159 -> 
  custom:scripting/monoscript/fileName/LineOfSightDecision.cs: 4adaa147deca1b95707703819c1cf06d -> 
  custom:CustomObjectIndexerAttribute: 72b91833f83ae208fae7752999fa3104 -> 
  custom:container-demuxer-webm: 4f35f7cbe854078d1ac9338744f61a02 -> 
  custom:container-muxer-webm: aa71ff27fc2769a1b78a27578f13a17b -> 
  custom:scripting/monoscript/fileName/PatrolPoints.cs: 8bcda65e53c8aa533ffcde705be93cc6 -> 
  custom:video-decoder-webm-vp8: 9c59270c3fd7afecdb556c50c9e8de78 -> 
  custom:SearchIndexIgnoredProperties: e643bd26f0fe6173181afceb89e7c659 -> 
  custom:AudioImporter_EditorPlatform: d09bf68614088b80899f8185d706f6e7 -> 
  custom:scripting/monoscript/fileName/State.cs: db891518220a6163c151c4468d6f2be8 -> 38c6fba04588f373bfdd7779996d16fa
  custom:video-encoder-webm-vp8: eb34c28f22e8b96e1ab97ce403110664 -> 
  custom:audio-decoder-ogg-vorbis: bf7c407c2cedff20999df2af8eb42d56 -> 
  custom:audio-encoder-webm-vorbis: bf7c407c2cedff20999df2af8eb42d56 -> 
  custom:scripting/precompiled-assembly-types:Assembly-CSharp: 2509010f5ee41df67c240c57d70c44d5 -> 95d7ddf1f3bfd14a740fc755b4e037a1
========================================================================
Received Prepare
Caller must complete domain reload
Begin MonoManager ReloadAssembly
- Loaded All Assemblies, in  0.610 seconds
Native extension for WindowsStandalone target not found
Native extension for WebGL target not found
[Package Manager] Server::EnsureServerProcessIsRunning -- launch failed, reason: Unity was launched with the -noUpm command-line argument
[Package Manager] UpmClient::Send -- Unable to send message (not connected to UPM process).
[Package Manager] Cannot connect to Unity Package Manager local server
Mono: successfully reloaded assembly
- Finished resetting the current domain, in  1.320 seconds
Domain Reload Profiling: 1929ms
	BeginReloadAssembly (187ms)
		ExecutionOrderSort (0ms)
		DisableScriptedObjects (11ms)
		BackupInstance (0ms)
		ReleaseScriptingObjects (0ms)
		CreateAndSetChildDomain (38ms)
	RebuildCommonClasses (40ms)
	RebuildNativeTypeToScriptingClass (16ms)
	initialDomainReloadingComplete (33ms)
	LoadAllAssembliesAndSetupDomain (332ms)
		LoadAssemblies (379ms)
		RebuildTransferFunctionScriptingTraits (0ms)
		AnalyzeDomain (62ms)
			TypeCache.Refresh (14ms)
				TypeCache.ScanAssembly (1ms)
			ScanForSourceGeneratedMonoScriptInfo (30ms)
			ResolveRequiredComponents (16ms)
	FinalizeReload (1320ms)
		ReleaseScriptCaches (0ms)
		RebuildScriptCaches (0ms)
		SetupLoadedEditorAssemblies (459ms)
			LogAssemblyErrors (0ms)
			InitializePlatformSupportModulesInManaged (6ms)
			SetLoadedEditorAssemblies (3ms)
			RefreshPlugins (0ms)
			BeforeProcessingInitializeOnLoad (90ms)
			ProcessInitializeOnLoadAttributes (289ms)
			ProcessInitializeOnLoadMethodAttributes (67ms)
			AfterProcessingInitializeOnLoad (4ms)
			EditorAssembliesLoaded (0ms)
		ExecutionOrderSort2 (0ms)
		AwakeInstancesAfterBackupRestoration (14ms)
Refreshing native plugins compatible for Editor in 5.75 ms, found 4 plugins.
Preloading 0 native plugins for Editor in 0.00 ms.
Unloading 5613 Unused Serialized files (Serialized files now loaded: 0)
Unloading 43 unused Assets / (0.9 MB). Loaded Objects now: 6221.
Memory consumption went from 195.3 MB to 194.4 MB.
Total: 4.386100 ms (FindLiveObjects: 0.557900 ms CreateObjectMapping: 0.178300 ms MarkObjects: 2.889100 ms  DeleteObjects: 0.759600 ms)

Prepare: number of updated asset objects reloaded= 0
AssetImportParameters requested are different than current active one (requested -> active):
  custom:scripting/monoscript/fileName/NavMeshSurface.cs: 8115f29c271cd45571ed95ae28923799 -> 
  custom:scripting/monoscript/fileName/PatrolAction.cs: 22341709d4eee5b2d25efeeed0158f7e -> 
  custom:container-demuxer-ogg: 62fdf1f143b41e24485cea50d1cbac27 -> 
  custom:scripting/monoscript/fileName/NavMeshModifierVolumeEditor.cs: 1ae9f668d057785825be421810cf2ef5 -> 
  custom:scripting/monoscript/fileName/ChaseAction.cs: 08a884b04413c227c1efaecfd498ef76 -> 
  custom:scripting/monoscript/fileName/AgentRotate2d.cs: 4fc9bf049e642c22bb70a10bd6141854 -> 
  custom:scripting/monoscript/fileName/NavMeshExtension.cs: f2880cc340f13915f85c8de1a56c5b36 -> 
  custom:scripting/monoscript/fileName/NavMeshModifierTilemapEditor.cs: 16926265ae8f26d5a2700ab22c013dd0 -> 
  custom:video-decoder-ogg-theora: a1e56fd34408186e4bbccfd4996cb3dc -> 
  custom:framework-win-MediaFoundation: 216162199b28c13a410421893ffa2e32 -> 
  custom:scripting/monoscript/fileName/CollectTilemapSourcesCache2d.cs: 023c45f2678f00c203841e99e3be64cc -> 
  custom:scripting/monoscript/fileName/EnemySight.cs: a6491aeba952bde53f42d6a671299159 -> 
  custom:scripting/monoscript/fileName/NavMeshComponentsGUIUtility.cs: f577dceca7544e736e90fdbb5621acfd -> 
  custom:scripting/monoscript/fileName/LineOfSightDecision.cs: 4adaa147deca1b95707703819c1cf06d -> 
  custom:scripting/monoscript/fileName/CollectSourcesCache2d.cs: 25a2fc54d6daa18dc264d5d4cee75246 -> 
  custom:CustomObjectIndexerAttribute: 72b91833f83ae208fae7752999fa3104 -> 
  custom:scripting/monoscript/fileName/AgentOverride2dEditor.cs: 6de205457008ed0fb4e3092b0c3c5865 -> 
  custom:scripting/monoscript/fileName/NavMeshAssetManager.cs: ee8832fbd143d3650d2421dc1ea3c69a -> 
  custom:scripting/monoscript/fileName/NavMeshSurfaceEditor.cs: a48adcb8288e3a2d30249993586a85aa -> 
  custom:container-demuxer-webm: 4f35f7cbe854078d1ac9338744f61a02 -> 
  custom:scripting/monoscript/fileName/NavMeshModifierVolume.cs: f7a6ba2c38ed91731a69e3c4a4be9002 -> 
  custom:scripting/monoscript/fileName/CollectSources2dEditor.cs: b7e0ba2599756384eb5c465d845f955e -> 
  custom:scripting/monoscript/fileName/RotateAgentSmoothly.cs: 862431bad16f34c4c67f6b9b39eb0ef7 -> 
  custom:scripting/monoscript/fileName/NavMeshModifierEditor.cs: b16927243f99c98b4ec512d8de3233de -> 
  custom:container-muxer-webm: aa71ff27fc2769a1b78a27578f13a17b -> 
  custom:scripting/monoscript/fileName/PatrolPoints.cs: 8bcda65e53c8aa533ffcde705be93cc6 -> 
  custom:scripting/monoscript/fileName/NavMeshAreaAttributePropertyDrawer.cs: 49490928a6c11ad8d1633fb545822618 -> 
  custom:video-decoder-webm-vp8: 9c59270c3fd7afecdb556c50c9e8de78 -> 
  custom:SearchIndexIgnoredProperties: e643bd26f0fe6173181afceb89e7c659 -> 
  custom:scripting/monoscript/fileName/NavMeshLinkEditor.cs: b383977435aa5575f39e29af5fb4038d -> 
  custom:AudioImporter_EditorPlatform: d09bf68614088b80899f8185d706f6e7 -> 
  custom:scripting/monoscript/fileName/NavMeshModifier.cs: 8892e93fe96bf0c5a5c519f467d2b1ca -> 
  custom:scripting/monoscript/fileName/NavMeshBuilderState.cs: 6d7f164db587b9d55ca8274fbe918c8a -> 
  custom:scripting/monoscript/fileName/RotateAgentInstantly.cs: ad87b628ef97add4b69a6c7ee7f415df -> 
  custom:scripting/monoscript/fileName/CollectSources2d.cs: c3bca549cfe734d766ea29e1c1865842 -> 
  custom:scripting/monoscript/fileName/State.cs: db891518220a6163c151c4468d6f2be8 -> 38c6fba04588f373bfdd7779996d16fa
  custom:scripting/monoscript/fileName/NavMeshBuilder2d.cs: d3b8c2725a9cd9e98a701a88e05c8b47 -> 
  custom:scripting/monoscript/fileName/NavMeshAgentAttributePropertyDrawer.cs: 29063b94aa7055363356a6e20c087fb4 -> 
  custom:scripting/monoscript/fileName/RootSources2d.cs: b5ed6c198f25e32663e8eb90cc749880 -> 
  custom:scripting/monoscript/fileName/NavMeshLink.cs: f7e9d6596b10277e63f0d0278ea3aa47 -> 
  custom:scripting/monoscript/fileName/RootSources2dEditor.cs: 73a24493fd3383cfe13e4b704142b0a3 -> 
  custom:video-encoder-webm-vp8: eb34c28f22e8b96e1ab97ce403110664 -> 
  custom:audio-decoder-ogg-vorbis: bf7c407c2cedff20999df2af8eb42d56 -> 
  custom:scripting/monoscript/fileName/AgentOverride2d.cs: 866bbdb2fb2e2b9168f317739e51c882 -> 
  custom:scripting/precompiled-assembly-types:NavMeshPlus: 84533478e69060447a7baa571e86769a -> 
  custom:scripting/monoscript/fileName/AgentRotateSmooth2d.cs: 5bf90977ac15dd6e18f747d1f81e4170 -> 
  custom:scripting/monoscript/fileName/NavMeshExtensionsProvider.cs: 69e6f55ea01b350798a9a6877d8f1980 -> 
  custom:scripting/precompiled-assembly-types:NavMeshPlusEditor: 32fffff4888fb83012b40435bb92a2d2 -> 
  custom:scripting/monoscript/fileName/CollectSourcesCache2dEditor.cs: 7923a05fa1d7bc1f80ceaccaa5f228e0 -> 
  custom:audio-encoder-webm-vorbis: bf7c407c2cedff20999df2af8eb42d56 -> 
  custom:scripting/monoscript/fileName/NavMeshAreaAttribute.cs: 36ab7d825d587e0cc526e78b0ebb9161 -> 
  custom:scripting/precompiled-assembly-types:Assembly-CSharp: 2509010f5ee41df67c240c57d70c44d5 -> 95d7ddf1f3bfd14a740fc755b4e037a1
  custom:scripting/monoscript/fileName/NavMeshAgentAttribute.cs: 1f3fecd3fc5aa9dbf2b78113dce250c9 -> 
  custom:scripting/monoscript/fileName/NavMeshModifierTilemap.cs: c6bf249f98da2b512cd69683af52b9c2 -> 
========================================================================
Received Prepare
Caller must complete domain reload
Begin MonoManager ReloadAssembly
- Loaded All Assemblies, in  0.923 seconds
Native extension for WindowsStandalone target not found
Native extension for WebGL target not found
[Package Manager] Server::EnsureServerProcessIsRunning -- launch failed, reason: Unity was launched with the -noUpm command-line argument
[Package Manager] UpmClient::Send -- Unable to send message (not connected to UPM process).
[Package Manager] Cannot connect to Unity Package Manager local server
Mono: successfully reloaded assembly
- Finished resetting the current domain, in  1.488 seconds
Domain Reload Profiling: 2410ms
	BeginReloadAssembly (293ms)
		ExecutionOrderSort (0ms)
		DisableScriptedObjects (26ms)
		BackupInstance (0ms)
		ReleaseScriptingObjects (0ms)
		CreateAndSetChildDomain (88ms)
	RebuildCommonClasses (44ms)
	RebuildNativeTypeToScriptingClass (17ms)
	initialDomainReloadingComplete (38ms)
	LoadAllAssembliesAndSetupDomain (529ms)
		LoadAssemblies (612ms)
		RebuildTransferFunctionScriptingTraits (0ms)
		AnalyzeDomain (57ms)
			TypeCache.Refresh (15ms)
				TypeCache.ScanAssembly (1ms)
			ScanForSourceGeneratedMonoScriptInfo (28ms)
			ResolveRequiredComponents (13ms)
	FinalizeReload (1488ms)
		ReleaseScriptCaches (0ms)
		RebuildScriptCaches (0ms)
		SetupLoadedEditorAssemblies (468ms)
			LogAssemblyErrors (0ms)
			InitializePlatformSupportModulesInManaged (6ms)
			SetLoadedEditorAssemblies (4ms)
			RefreshPlugins (0ms)
			BeforeProcessingInitializeOnLoad (87ms)
			ProcessInitializeOnLoadAttributes (297ms)
			ProcessInitializeOnLoadMethodAttributes (70ms)
			AfterProcessingInitializeOnLoad (4ms)
			EditorAssembliesLoaded (0ms)
		ExecutionOrderSort2 (0ms)
		AwakeInstancesAfterBackupRestoration (14ms)
Refreshing native plugins compatible for Editor in 6.84 ms, found 4 plugins.
Preloading 0 native plugins for Editor in 0.00 ms.
Unloading 5655 Unused Serialized files (Serialized files now loaded: 0)
Unloading 43 unused Assets / (0.9 MB). Loaded Objects now: 6268.
Memory consumption went from 196.1 MB to 195.2 MB.
Total: 6.160700 ms (FindLiveObjects: 0.621900 ms CreateObjectMapping: 0.214300 ms MarkObjects: 4.728000 ms  DeleteObjects: 0.594600 ms)

Prepare: number of updated asset objects reloaded= 0
AssetImportParameters requested are different than current active one (requested -> active):
  custom:scripting/monoscript/fileName/NavMeshSurface.cs: 1cd02bcdec9d22fff74c99422329f637 -> 
  custom:scripting/monoscript/fileName/PatrolAction.cs: 22341709d4eee5b2d25efeeed0158f7e -> 
  custom:scripting/precompiled-assembly-types:Unity.AI.Navigation: 5d8fa505e3253b9a2a456e2c28a1afb3 -> 
  custom:container-demuxer-ogg: 62fdf1f143b41e24485cea50d1cbac27 -> 
  custom:scripting/monoscript/fileName/NavMeshModifierVolumeEditor.cs: 9ff23c1c3f57fe2d5f4522b7b3750d5d -> 
  custom:scripting/monoscript/fileName/NavigationOverlay.cs: 2744f4e7946ebbb71339c9b1ce538d00 -> 
  custom:scripting/monoscript/fileName/ConverterItemDescriptor.cs: ce581e054faf450c31196535a41f95f6 -> 4bfcc3b0da7a9782753fe3b6e82125de
  custom:scripting/monoscript/fileName/ChaseAction.cs: 08a884b04413c227c1efaecfd498ef76 -> 
  custom:scripting/monoscript/fileName/AgentRotate2d.cs: 4fc9bf049e642c22bb70a10bd6141854 -> 
  custom:scripting/monoscript/fileName/BuiltInToNavMeshSurfaceConverterContainer.cs: c40a906f9f99ea8a6c5aaa215767017f -> 
  custom:scripting/monoscript/fileName/NavMeshExtension.cs: f2880cc340f13915f85c8de1a56c5b36 -> 
  custom:scripting/monoscript/fileName/NavMeshModifierTilemapEditor.cs: 16926265ae8f26d5a2700ab22c013dd0 -> 
  custom:video-decoder-ogg-theora: a1e56fd34408186e4bbccfd4996cb3dc -> 
  custom:framework-win-MediaFoundation: 216162199b28c13a410421893ffa2e32 -> 
  custom:scripting/monoscript/fileName/NavigationWindow.cs: 7884404b71178f59d8819c380b951d7c -> 
  custom:scripting/monoscript/fileName/CollectTilemapSourcesCache2d.cs: 023c45f2678f00c203841e99e3be64cc -> 
  custom:scripting/monoscript/fileName/EnemySight.cs: a6491aeba952bde53f42d6a671299159 -> 
  custom:scripting/monoscript/fileName/NavMeshComponentsGUIUtility.cs: c36fbfafc49fa17941fd91bcea1fc8aa -> 
  custom:scripting/monoscript/fileName/LineOfSightDecision.cs: 4adaa147deca1b95707703819c1cf06d -> 
  custom:scripting/monoscript/fileName/CollectSourcesCache2d.cs: 25a2fc54d6daa18dc264d5d4cee75246 -> 
  custom:scripting/monoscript/fileName/ConverterItemInfo.cs: f61437cbb7953fbfeff62301ac8e3fd0 -> c46259e49e129111234cddabf164943d
  custom:CustomObjectIndexerAttribute: 72b91833f83ae208fae7752999fa3104 -> 
  custom:scripting/monoscript/fileName/AgentOverride2dEditor.cs: 6de205457008ed0fb4e3092b0c3c5865 -> 
  custom:scripting/monoscript/fileName/NavMeshAssetManager.cs: 520a1130381647e06575ec6ac4473f2b -> 
  custom:scripting/monoscript/fileName/NavMeshSurfaceEditor.cs: 2129d1e3360abae92b79358f48c31e11 -> 
  custom:container-demuxer-webm: 4f35f7cbe854078d1ac9338744f61a02 -> 
  custom:scripting/monoscript/fileName/NavMeshModifierVolume.cs: 0ce026f1094606c8a54952ab73721471 -> 
  custom:scripting/monoscript/fileName/CollectSources2dEditor.cs: b7e0ba2599756384eb5c465d845f955e -> 
  custom:scripting/monoscript/fileName/NavMeshUpdaterUtility.cs: 5eb03802e6dba19b3e13aaf384805cac -> 
  custom:scripting/monoscript/fileName/NavigationPreferences.cs: ada9399a4f085d4c824cc06527e7fcae -> 
  custom:scripting/monoscript/fileName/NavMeshUpdaterEditor.cs: 169704080eda430978bba61ddedeb304 -> 
  custom:scripting/precompiled-assembly-types:Unity.AI.Navigation.Editor.ConversionSystem: 27c718e5de2659aeeb663e092dc21158 -> 
  custom:scripting/monoscript/fileName/RotateAgentSmoothly.cs: 862431bad16f34c4c67f6b9b39eb0ef7 -> 
  custom:scripting/monoscript/fileName/NavMeshModifierEditor.cs: 07f56655059b4b41c3dd29ef40cb7f73 -> 
  custom:container-muxer-webm: aa71ff27fc2769a1b78a27578f13a17b -> 
  custom:scripting/monoscript/fileName/PatrolPoints.cs: 8bcda65e53c8aa533ffcde705be93cc6 -> 
  custom:scripting/monoscript/fileName/NavMeshAreaAttributePropertyDrawer.cs: 49490928a6c11ad8d1633fb545822618 -> 
  custom:video-decoder-webm-vp8: 9c59270c3fd7afecdb556c50c9e8de78 -> 
  custom:scripting/precompiled-assembly-types:Unity.AI.Navigation.Editor: 7eaf38f66973fde07200cf372b24130e -> 
  custom:scripting/monoscript/fileName/HelpUrls.cs: c1a90585e3e9c9d25f58f9141655f24f -> 
  custom:scripting/monoscript/fileName/EditorStyles.cs: 86b9f4d8fe570a8d8295bfc466c975cf -> 
  custom:SearchIndexIgnoredProperties: e643bd26f0fe6173181afceb89e7c659 -> 
  custom:scripting/precompiled-assembly-types:Unity.AI.Navigation.Updater: d2095ddf03fd615830d6dacf5841450d -> 
  custom:scripting/monoscript/fileName/NavMeshLinkEditor.cs: 27a612e605519f2563b5eebb8ecf2c15 -> 
  custom:AudioImporter_EditorPlatform: d09bf68614088b80899f8185d706f6e7 -> 
  custom:scripting/monoscript/fileName/NavMeshModifier.cs: 08c148f5182ce13ca868880b0ccc03b9 -> 
  custom:scripting/monoscript/fileName/NavMeshBuilderState.cs: 6d7f164db587b9d55ca8274fbe918c8a -> 
  custom:scripting/monoscript/fileName/RotateAgentInstantly.cs: ad87b628ef97add4b69a6c7ee7f415df -> 
  custom:scripting/monoscript/fileName/CollectSources2d.cs: c3bca549cfe734d766ea29e1c1865842 -> 
  custom:scripting/monoscript/fileName/State.cs: db891518220a6163c151c4468d6f2be8 -> 38c6fba04588f373bfdd7779996d16fa
  custom:scripting/monoscript/fileName/NavMeshSceneConverter.cs: baf486a1c1cdf03a3111dd113d13c2f4 -> 
  custom:scripting/monoscript/fileName/NavMeshBuilder2d.cs: d3b8c2725a9cd9e98a701a88e05c8b47 -> 
  custom:scripting/monoscript/fileName/SystemConverterContainer.cs: eb4026ea01a117ce0888f693e9eed2cd -> 
  custom:scripting/monoscript/fileName/NavMeshAgentAttributePropertyDrawer.cs: 29063b94aa7055363356a6e20c087fb4 -> 
  custom:scripting/monoscript/fileName/RootSources2d.cs: b5ed6c198f25e32663e8eb90cc749880 -> 
  custom:scripting/monoscript/fileName/NavMeshLink.cs: e14e05ace48bbb07a523202228054a2d -> 
  custom:scripting/monoscript/fileName/RootSources2dEditor.cs: 73a24493fd3383cfe13e4b704142b0a3 -> 
  custom:scripting/monoscript/fileName/ObsoleteNavigationWindowMenuEntry.cs: c7f73386e6473f401a8e4151cac4e1e5 -> 
  custom:scripting/monoscript/fileName/InitializeConverterContext.cs: a45c5db80ce634a6cb9d0945b8b3954d -> d3d3f1d70ac16a8a43542759983f9035
  custom:scripting/monoscript/fileName/SystemConverter.cs: c748d1769fc66e95256254a1cc1497f3 -> 
  custom:video-encoder-webm-vp8: eb34c28f22e8b96e1ab97ce403110664 -> 
  custom:audio-decoder-ogg-vorbis: bf7c407c2cedff20999df2af8eb42d56 -> 
  custom:scripting/monoscript/fileName/AgentOverride2d.cs: 866bbdb2fb2e2b9168f317739e51c882 -> 
  custom:scripting/precompiled-assembly-types:NavMeshPlus: 84533478e69060447a7baa571e86769a -> 
  custom:scripting/monoscript/fileName/AgentRotateSmooth2d.cs: 5bf90977ac15dd6e18f747d1f81e4170 -> 
  custom:scripting/monoscript/fileName/NavMeshExtensionsProvider.cs: 69e6f55ea01b350798a9a6877d8f1980 -> 
  custom:scripting/precompiled-assembly-types:NavMeshPlusEditor: 32fffff4888fb83012b40435bb92a2d2 -> 
  custom:scripting/monoscript/fileName/RunItemContext.cs: bb4ef75ce860de201ddb04b582034b5c -> d35b5dd5e31389598dfa65d33e4ba88d
  custom:scripting/monoscript/fileName/CollectSourcesCache2dEditor.cs: 7923a05fa1d7bc1f80ceaccaa5f228e0 -> 
  custom:audio-encoder-webm-vorbis: bf7c407c2cedff20999df2af8eb42d56 -> 
  custom:scripting/monoscript/fileName/NavMeshAreaAttribute.cs: 36ab7d825d587e0cc526e78b0ebb9161 -> 
  custom:scripting/precompiled-assembly-types:Assembly-CSharp: 2509010f5ee41df67c240c57d70c44d5 -> 95d7ddf1f3bfd14a740fc755b4e037a1
  custom:scripting/monoscript/fileName/SystemConvertersEditor.cs: c127c1335f24b77ca70195bf2136c6a2 -> 
  custom:scripting/monoscript/fileName/NavMeshAgentAttribute.cs: 1f3fecd3fc5aa9dbf2b78113dce250c9 -> 
  custom:scripting/monoscript/fileName/NavMeshModifierTilemap.cs: c6bf249f98da2b512cd69683af52b9c2 -> 
========================================================================
Received Prepare
Caller must complete domain reload
Begin MonoManager ReloadAssembly
- Loaded All Assemblies, in  0.534 seconds
Native extension for WindowsStandalone target not found
Native extension for WebGL target not found
[Package Manager] Server::EnsureServerProcessIsRunning -- launch failed, reason: Unity was launched with the -noUpm command-line argument
[Package Manager] UpmClient::Send -- Unable to send message (not connected to UPM process).
[Package Manager] Cannot connect to Unity Package Manager local server
Mono: successfully reloaded assembly
- Finished resetting the current domain, in  1.421 seconds
Domain Reload Profiling: 1954ms
	BeginReloadAssembly (182ms)
		ExecutionOrderSort (0ms)
		DisableScriptedObjects (11ms)
		BackupInstance (0ms)
		ReleaseScriptingObjects (0ms)
		CreateAndSetChildDomain (40ms)
	RebuildCommonClasses (41ms)
	RebuildNativeTypeToScriptingClass (12ms)
	initialDomainReloadingComplete (27ms)
	LoadAllAssembliesAndSetupDomain (270ms)
		LoadAssemblies (347ms)
		RebuildTransferFunctionScriptingTraits (0ms)
		AnalyzeDomain (26ms)
			TypeCache.Refresh (8ms)
				TypeCache.ScanAssembly (0ms)
			ScanForSourceGeneratedMonoScriptInfo (0ms)
			ResolveRequiredComponents (16ms)
	FinalizeReload (1421ms)
		ReleaseScriptCaches (0ms)
		RebuildScriptCaches (0ms)
		SetupLoadedEditorAssemblies (446ms)
			LogAssemblyErrors (0ms)
			InitializePlatformSupportModulesInManaged (7ms)
			SetLoadedEditorAssemblies (3ms)
			RefreshPlugins (0ms)
			BeforeProcessingInitializeOnLoad (81ms)
			ProcessInitializeOnLoadAttributes (281ms)
			ProcessInitializeOnLoadMethodAttributes (70ms)
			AfterProcessingInitializeOnLoad (3ms)
			EditorAssembliesLoaded (0ms)
		ExecutionOrderSort2 (0ms)
		AwakeInstancesAfterBackupRestoration (13ms)
Refreshing native plugins compatible for Editor in 6.57 ms, found 4 plugins.
Preloading 0 native plugins for Editor in 0.00 ms.
Unloading 5655 Unused Serialized files (Serialized files now loaded: 0)
Unloading 43 unused Assets / (0.9 MB). Loaded Objects now: 6273.
Memory consumption went from 196.1 MB to 195.3 MB.
Total: 4.766300 ms (FindLiveObjects: 0.892000 ms CreateObjectMapping: 0.224100 ms MarkObjects: 2.969800 ms  DeleteObjects: 0.678500 ms)

Prepare: number of updated asset objects reloaded= 0
AssetImportParameters requested are different than current active one (requested -> active):
  custom:scripting/monoscript/fileName/NavMeshSurface.cs: 1cd02bcdec9d22fff74c99422329f637 -> 
  custom:scripting/monoscript/fileName/PatrolAction.cs: 22341709d4eee5b2d25efeeed0158f7e -> 
  custom:scripting/precompiled-assembly-types:Unity.AI.Navigation: 5d8fa505e3253b9a2a456e2c28a1afb3 -> 
  custom:container-demuxer-ogg: 62fdf1f143b41e24485cea50d1cbac27 -> 
  custom:scripting/monoscript/fileName/NavMeshModifierVolumeEditor.cs: 9ff23c1c3f57fe2d5f4522b7b3750d5d -> 
  custom:scripting/monoscript/fileName/NavigationOverlay.cs: 2744f4e7946ebbb71339c9b1ce538d00 -> 
  custom:scripting/monoscript/fileName/ConverterItemDescriptor.cs: ce581e054faf450c31196535a41f95f6 -> 4bfcc3b0da7a9782753fe3b6e82125de
  custom:scripting/monoscript/fileName/ChaseAction.cs: 08a884b04413c227c1efaecfd498ef76 -> 
  custom:scripting/monoscript/fileName/AgentRotate2d.cs: 4fc9bf049e642c22bb70a10bd6141854 -> 
  custom:scripting/monoscript/fileName/BuiltInToNavMeshSurfaceConverterContainer.cs: c40a906f9f99ea8a6c5aaa215767017f -> 
  custom:scripting/monoscript/fileName/NavMeshExtension.cs: f2880cc340f13915f85c8de1a56c5b36 -> 
  custom:scripting/monoscript/fileName/NavMeshModifierTilemapEditor.cs: 16926265ae8f26d5a2700ab22c013dd0 -> 
  custom:video-decoder-ogg-theora: a1e56fd34408186e4bbccfd4996cb3dc -> 
  custom:framework-win-MediaFoundation: 216162199b28c13a410421893ffa2e32 -> 
  custom:scripting/monoscript/fileName/NavigationWindow.cs: 7884404b71178f59d8819c380b951d7c -> 
  custom:scripting/monoscript/fileName/CollectTilemapSourcesCache2d.cs: 023c45f2678f00c203841e99e3be64cc -> 
  custom:scripting/monoscript/fileName/EnemySight.cs: a6491aeba952bde53f42d6a671299159 -> 
  custom:scripting/monoscript/fileName/NavMeshComponentsGUIUtility.cs: c36fbfafc49fa17941fd91bcea1fc8aa -> 
  custom:scripting/monoscript/fileName/LineOfSightDecision.cs: 4adaa147deca1b95707703819c1cf06d -> 
  custom:scripting/monoscript/fileName/CollectSourcesCache2d.cs: 25a2fc54d6daa18dc264d5d4cee75246 -> 
  custom:scripting/monoscript/fileName/ConverterItemInfo.cs: f61437cbb7953fbfeff62301ac8e3fd0 -> c46259e49e129111234cddabf164943d
  custom:CustomObjectIndexerAttribute: 72b91833f83ae208fae7752999fa3104 -> 
  custom:scripting/monoscript/fileName/AgentOverride2dEditor.cs: 6de205457008ed0fb4e3092b0c3c5865 -> 
  custom:scripting/monoscript/fileName/NavMeshAssetManager.cs: 520a1130381647e06575ec6ac4473f2b -> 
  custom:scripting/monoscript/fileName/NavMeshSurfaceEditor.cs: 2129d1e3360abae92b79358f48c31e11 -> 
  custom:container-demuxer-webm: 4f35f7cbe854078d1ac9338744f61a02 -> 
  custom:scripting/monoscript/fileName/NavMeshModifierVolume.cs: 0ce026f1094606c8a54952ab73721471 -> 
  custom:scripting/monoscript/fileName/CollectSources2dEditor.cs: b7e0ba2599756384eb5c465d845f955e -> 
  custom:scripting/monoscript/fileName/NavMeshUpdaterUtility.cs: 5eb03802e6dba19b3e13aaf384805cac -> 
  custom:scripting/monoscript/fileName/NavigationPreferences.cs: ada9399a4f085d4c824cc06527e7fcae -> 
  custom:scripting/monoscript/fileName/NavMeshUpdaterEditor.cs: 169704080eda430978bba61ddedeb304 -> 
  custom:scripting/precompiled-assembly-types:Unity.AI.Navigation.Editor.ConversionSystem: 27c718e5de2659aeeb663e092dc21158 -> 
  custom:scripting/monoscript/fileName/RotateAgentSmoothly.cs: 862431bad16f34c4c67f6b9b39eb0ef7 -> 
  custom:scripting/monoscript/fileName/NavMeshModifierEditor.cs: 07f56655059b4b41c3dd29ef40cb7f73 -> 
  custom:container-muxer-webm: aa71ff27fc2769a1b78a27578f13a17b -> 
  custom:scripting/monoscript/fileName/PatrolPoints.cs: 8bcda65e53c8aa533ffcde705be93cc6 -> 
  custom:scripting/monoscript/fileName/NavMeshAreaAttributePropertyDrawer.cs: 49490928a6c11ad8d1633fb545822618 -> 
  custom:video-decoder-webm-vp8: 9c59270c3fd7afecdb556c50c9e8de78 -> 
  custom:scripting/precompiled-assembly-types:Unity.AI.Navigation.Editor: 7eaf38f66973fde07200cf372b24130e -> 
  custom:scripting/monoscript/fileName/HelpUrls.cs: c1a90585e3e9c9d25f58f9141655f24f -> 
  custom:scripting/monoscript/fileName/EditorStyles.cs: 86b9f4d8fe570a8d8295bfc466c975cf -> 
  custom:SearchIndexIgnoredProperties: e643bd26f0fe6173181afceb89e7c659 -> 
  custom:scripting/precompiled-assembly-types:Unity.AI.Navigation.Updater: d2095ddf03fd615830d6dacf5841450d -> 
  custom:scripting/monoscript/fileName/NavMeshLinkEditor.cs: 27a612e605519f2563b5eebb8ecf2c15 -> 
  custom:AudioImporter_EditorPlatform: d09bf68614088b80899f8185d706f6e7 -> 
  custom:scripting/monoscript/fileName/NavMeshModifier.cs: 08c148f5182ce13ca868880b0ccc03b9 -> 
  custom:scripting/monoscript/fileName/NavMeshBuilderState.cs: 6d7f164db587b9d55ca8274fbe918c8a -> 
  custom:scripting/monoscript/fileName/RotateAgentInstantly.cs: ad87b628ef97add4b69a6c7ee7f415df -> 
  custom:scripting/monoscript/fileName/CollectSources2d.cs: c3bca549cfe734d766ea29e1c1865842 -> 
  custom:scripting/monoscript/fileName/State.cs: db891518220a6163c151c4468d6f2be8 -> 38c6fba04588f373bfdd7779996d16fa
  custom:scripting/monoscript/fileName/NavMeshSceneConverter.cs: baf486a1c1cdf03a3111dd113d13c2f4 -> 
  custom:scripting/monoscript/fileName/NavMeshBuilder2d.cs: d3b8c2725a9cd9e98a701a88e05c8b47 -> 
  custom:scripting/monoscript/fileName/SystemConverterContainer.cs: eb4026ea01a117ce0888f693e9eed2cd -> 
  custom:scripting/monoscript/fileName/NavMeshAgentAttributePropertyDrawer.cs: 29063b94aa7055363356a6e20c087fb4 -> 
  custom:scripting/monoscript/fileName/RootSources2d.cs: b5ed6c198f25e32663e8eb90cc749880 -> 
  custom:scripting/monoscript/fileName/NavMeshLink.cs: e14e05ace48bbb07a523202228054a2d -> 
  custom:scripting/monoscript/fileName/RootSources2dEditor.cs: 73a24493fd3383cfe13e4b704142b0a3 -> 
  custom:scripting/monoscript/fileName/ObsoleteNavigationWindowMenuEntry.cs: c7f73386e6473f401a8e4151cac4e1e5 -> 
  custom:scripting/monoscript/fileName/InitializeConverterContext.cs: a45c5db80ce634a6cb9d0945b8b3954d -> d3d3f1d70ac16a8a43542759983f9035
  custom:scripting/monoscript/fileName/SystemConverter.cs: c748d1769fc66e95256254a1cc1497f3 -> 
  custom:video-encoder-webm-vp8: eb34c28f22e8b96e1ab97ce403110664 -> 
  custom:audio-decoder-ogg-vorbis: bf7c407c2cedff20999df2af8eb42d56 -> 
  custom:scripting/monoscript/fileName/AgentOverride2d.cs: 866bbdb2fb2e2b9168f317739e51c882 -> 
  custom:scripting/precompiled-assembly-types:NavMeshPlus: 84533478e69060447a7baa571e86769a -> 
  custom:scripting/monoscript/fileName/AgentRotateSmooth2d.cs: 5bf90977ac15dd6e18f747d1f81e4170 -> 
  custom:scripting/monoscript/fileName/NavMeshExtensionsProvider.cs: 69e6f55ea01b350798a9a6877d8f1980 -> 
  custom:scripting/precompiled-assembly-types:NavMeshPlusEditor: 32fffff4888fb83012b40435bb92a2d2 -> 
  custom:scripting/monoscript/fileName/RunItemContext.cs: bb4ef75ce860de201ddb04b582034b5c -> d35b5dd5e31389598dfa65d33e4ba88d
  custom:scripting/monoscript/fileName/CollectSourcesCache2dEditor.cs: 7923a05fa1d7bc1f80ceaccaa5f228e0 -> 
  custom:audio-encoder-webm-vorbis: bf7c407c2cedff20999df2af8eb42d56 -> 
  custom:scripting/monoscript/fileName/NavMeshAreaAttribute.cs: 36ab7d825d587e0cc526e78b0ebb9161 -> 
  custom:scripting/precompiled-assembly-types:Assembly-CSharp: 2509010f5ee41df67c240c57d70c44d5 -> 95d7ddf1f3bfd14a740fc755b4e037a1
  custom:scripting/monoscript/fileName/SystemConvertersEditor.cs: c127c1335f24b77ca70195bf2136c6a2 -> 
  custom:scripting/monoscript/fileName/NavMeshAgentAttribute.cs: 1f3fecd3fc5aa9dbf2b78113dce250c9 -> 
  custom:scripting/monoscript/fileName/NavMeshModifierTilemap.cs: c6bf249f98da2b512cd69683af52b9c2 -> 
========================================================================
Received Prepare
Caller must complete domain reload
Begin MonoManager ReloadAssembly
- Loaded All Assemblies, in  0.606 seconds
Native extension for WindowsStandalone target not found
Native extension for WebGL target not found
[Package Manager] Server::EnsureServerProcessIsRunning -- launch failed, reason: Unity was launched with the -noUpm command-line argument
[Package Manager] UpmClient::Send -- Unable to send message (not connected to UPM process).
[Package Manager] Cannot connect to Unity Package Manager local server
Mono: successfully reloaded assembly
- Finished resetting the current domain, in  1.313 seconds
Domain Reload Profiling: 1918ms
	BeginReloadAssembly (199ms)
		ExecutionOrderSort (0ms)
		DisableScriptedObjects (11ms)
		BackupInstance (0ms)
		ReleaseScriptingObjects (0ms)
		CreateAndSetChildDomain (44ms)
	RebuildCommonClasses (42ms)
	RebuildNativeTypeToScriptingClass (14ms)
	initialDomainReloadingComplete (32ms)
	LoadAllAssembliesAndSetupDomain (316ms)
		LoadAssemblies (375ms)
		RebuildTransferFunctionScriptingTraits (0ms)
		AnalyzeDomain (55ms)
			TypeCache.Refresh (12ms)
				TypeCache.ScanAssembly (0ms)
			ScanForSourceGeneratedMonoScriptInfo (29ms)
			ResolveRequiredComponents (13ms)
	FinalizeReload (1313ms)
		ReleaseScriptCaches (0ms)
		RebuildScriptCaches (0ms)
		SetupLoadedEditorAssemblies (460ms)
			LogAssemblyErrors (0ms)
			InitializePlatformSupportModulesInManaged (6ms)
			SetLoadedEditorAssemblies (3ms)
			RefreshPlugins (0ms)
			BeforeProcessingInitializeOnLoad (81ms)
			ProcessInitializeOnLoadAttributes (293ms)
			ProcessInitializeOnLoadMethodAttributes (73ms)
			AfterProcessingInitializeOnLoad (3ms)
			EditorAssembliesLoaded (0ms)
		ExecutionOrderSort2 (0ms)
		AwakeInstancesAfterBackupRestoration (13ms)
Refreshing native plugins compatible for Editor in 6.12 ms, found 4 plugins.
Preloading 0 native plugins for Editor in 0.00 ms.
Unloading 5656 Unused Serialized files (Serialized files now loaded: 0)
Unloading 43 unused Assets / (0.9 MB). Loaded Objects now: 6279.
Memory consumption went from 196.2 MB to 195.3 MB.
Total: 4.490600 ms (FindLiveObjects: 0.644300 ms CreateObjectMapping: 0.182100 ms MarkObjects: 3.179700 ms  DeleteObjects: 0.482500 ms)

Prepare: number of updated asset objects reloaded= 0
AssetImportParameters requested are different than current active one (requested -> active):
  custom:scripting/monoscript/fileName/NavMeshSurface.cs: 1cd02bcdec9d22fff74c99422329f637 -> 
  custom:scripting/monoscript/fileName/PatrolAction.cs: 22341709d4eee5b2d25efeeed0158f7e -> 
  custom:scripting/precompiled-assembly-types:Unity.AI.Navigation: 5d8fa505e3253b9a2a456e2c28a1afb3 -> 
  custom:container-demuxer-ogg: 62fdf1f143b41e24485cea50d1cbac27 -> 
  custom:scripting/monoscript/fileName/NavMeshModifierVolumeEditor.cs: 9ff23c1c3f57fe2d5f4522b7b3750d5d -> 
  custom:scripting/monoscript/fileName/NavigationOverlay.cs: 2744f4e7946ebbb71339c9b1ce538d00 -> 
  custom:scripting/monoscript/fileName/ConverterItemDescriptor.cs: ce581e054faf450c31196535a41f95f6 -> 4bfcc3b0da7a9782753fe3b6e82125de
  custom:scripting/monoscript/fileName/ChaseAction.cs: 08a884b04413c227c1efaecfd498ef76 -> 
  custom:scripting/monoscript/fileName/AgentRotate2d.cs: 4fc9bf049e642c22bb70a10bd6141854 -> 
  custom:scripting/monoscript/fileName/BuiltInToNavMeshSurfaceConverterContainer.cs: c40a906f9f99ea8a6c5aaa215767017f -> 
  custom:scripting/monoscript/fileName/NavMeshExtension.cs: f2880cc340f13915f85c8de1a56c5b36 -> 
  custom:scripting/monoscript/fileName/NavMeshModifierTilemapEditor.cs: 16926265ae8f26d5a2700ab22c013dd0 -> 
  custom:video-decoder-ogg-theora: a1e56fd34408186e4bbccfd4996cb3dc -> 
  custom:framework-win-MediaFoundation: 216162199b28c13a410421893ffa2e32 -> 
  custom:scripting/monoscript/fileName/NavigationWindow.cs: 7884404b71178f59d8819c380b951d7c -> 
  custom:scripting/monoscript/fileName/CollectTilemapSourcesCache2d.cs: 023c45f2678f00c203841e99e3be64cc -> 
  custom:scripting/monoscript/fileName/EnemySight.cs: a6491aeba952bde53f42d6a671299159 -> 
  custom:scripting/monoscript/fileName/NavMeshComponentsGUIUtility.cs: c36fbfafc49fa17941fd91bcea1fc8aa -> 
  custom:scripting/monoscript/fileName/LineOfSightDecision.cs: 4adaa147deca1b95707703819c1cf06d -> 
  custom:scripting/monoscript/fileName/CollectSourcesCache2d.cs: 25a2fc54d6daa18dc264d5d4cee75246 -> 
  custom:scripting/monoscript/fileName/ConverterItemInfo.cs: f61437cbb7953fbfeff62301ac8e3fd0 -> c46259e49e129111234cddabf164943d
  custom:CustomObjectIndexerAttribute: 72b91833f83ae208fae7752999fa3104 -> 
  custom:scripting/monoscript/fileName/AgentOverride2dEditor.cs: 6de205457008ed0fb4e3092b0c3c5865 -> 
  custom:scripting/monoscript/fileName/NavMeshAssetManager.cs: 520a1130381647e06575ec6ac4473f2b -> 
  custom:scripting/monoscript/fileName/NavMeshSurfaceEditor.cs: 2129d1e3360abae92b79358f48c31e11 -> 
  custom:container-demuxer-webm: 4f35f7cbe854078d1ac9338744f61a02 -> 
  custom:scripting/monoscript/fileName/NavMeshModifierVolume.cs: 0ce026f1094606c8a54952ab73721471 -> 
  custom:scripting/monoscript/fileName/CollectSources2dEditor.cs: b7e0ba2599756384eb5c465d845f955e -> 
  custom:scripting/monoscript/fileName/NavMeshUpdaterUtility.cs: 5eb03802e6dba19b3e13aaf384805cac -> 
  custom:scripting/monoscript/fileName/BaseEnemy.cs: 170a28e644b831d5df95610262d0fe55 -> 
  custom:scripting/monoscript/fileName/NavigationPreferences.cs: ada9399a4f085d4c824cc06527e7fcae -> 
  custom:scripting/monoscript/fileName/NavMeshUpdaterEditor.cs: 169704080eda430978bba61ddedeb304 -> 
  custom:scripting/precompiled-assembly-types:Unity.AI.Navigation.Editor.ConversionSystem: 27c718e5de2659aeeb663e092dc21158 -> 
  custom:scripting/monoscript/fileName/RotateAgentSmoothly.cs: 862431bad16f34c4c67f6b9b39eb0ef7 -> 
  custom:scripting/monoscript/fileName/NavMeshModifierEditor.cs: 07f56655059b4b41c3dd29ef40cb7f73 -> 
  custom:container-muxer-webm: aa71ff27fc2769a1b78a27578f13a17b -> 
  custom:scripting/monoscript/fileName/PatrolPoints.cs: 8bcda65e53c8aa533ffcde705be93cc6 -> 
  custom:scripting/monoscript/fileName/NavMeshAreaAttributePropertyDrawer.cs: 49490928a6c11ad8d1633fb545822618 -> 
  custom:video-decoder-webm-vp8: 9c59270c3fd7afecdb556c50c9e8de78 -> 
  custom:scripting/precompiled-assembly-types:Unity.AI.Navigation.Editor: 7eaf38f66973fde07200cf372b24130e -> 
  custom:scripting/monoscript/fileName/HelpUrls.cs: c1a90585e3e9c9d25f58f9141655f24f -> 
  custom:scripting/monoscript/fileName/EditorStyles.cs: 86b9f4d8fe570a8d8295bfc466c975cf -> 
  custom:SearchIndexIgnoredProperties: e643bd26f0fe6173181afceb89e7c659 -> 
  custom:scripting/precompiled-assembly-types:Unity.AI.Navigation.Updater: d2095ddf03fd615830d6dacf5841450d -> 
  custom:scripting/monoscript/fileName/NavMeshLinkEditor.cs: 27a612e605519f2563b5eebb8ecf2c15 -> 
  custom:AudioImporter_EditorPlatform: d09bf68614088b80899f8185d706f6e7 -> 
  custom:scripting/monoscript/fileName/NavMeshModifier.cs: 08c148f5182ce13ca868880b0ccc03b9 -> 
  custom:scripting/monoscript/fileName/NavMeshBuilderState.cs: 6d7f164db587b9d55ca8274fbe918c8a -> 
  custom:scripting/monoscript/fileName/RotateAgentInstantly.cs: ad87b628ef97add4b69a6c7ee7f415df -> 
  custom:scripting/monoscript/fileName/CollectSources2d.cs: c3bca549cfe734d766ea29e1c1865842 -> 
  custom:scripting/monoscript/fileName/State.cs: db891518220a6163c151c4468d6f2be8 -> 38c6fba04588f373bfdd7779996d16fa
  custom:scripting/monoscript/fileName/NavMeshSceneConverter.cs: baf486a1c1cdf03a3111dd113d13c2f4 -> 
  custom:scripting/monoscript/fileName/NavMeshBuilder2d.cs: d3b8c2725a9cd9e98a701a88e05c8b47 -> 
  custom:scripting/monoscript/fileName/SystemConverterContainer.cs: eb4026ea01a117ce0888f693e9eed2cd -> 
  custom:scripting/monoscript/fileName/NavMeshAgentAttributePropertyDrawer.cs: 29063b94aa7055363356a6e20c087fb4 -> 
  custom:scripting/monoscript/fileName/RootSources2d.cs: b5ed6c198f25e32663e8eb90cc749880 -> 
  custom:scripting/monoscript/fileName/NavMeshLink.cs: e14e05ace48bbb07a523202228054a2d -> 
  custom:scripting/monoscript/fileName/RootSources2dEditor.cs: 73a24493fd3383cfe13e4b704142b0a3 -> 
  custom:scripting/monoscript/fileName/ObsoleteNavigationWindowMenuEntry.cs: c7f73386e6473f401a8e4151cac4e1e5 -> 
  custom:scripting/monoscript/fileName/InitializeConverterContext.cs: a45c5db80ce634a6cb9d0945b8b3954d -> d3d3f1d70ac16a8a43542759983f9035
  custom:scripting/monoscript/fileName/SystemConverter.cs: c748d1769fc66e95256254a1cc1497f3 -> 
  custom:video-encoder-webm-vp8: eb34c28f22e8b96e1ab97ce403110664 -> 
  custom:audio-decoder-ogg-vorbis: bf7c407c2cedff20999df2af8eb42d56 -> 
  custom:scripting/monoscript/fileName/AgentOverride2d.cs: 866bbdb2fb2e2b9168f317739e51c882 -> 
  custom:scripting/precompiled-assembly-types:NavMeshPlus: 84533478e69060447a7baa571e86769a -> 
  custom:scripting/monoscript/fileName/AgentRotateSmooth2d.cs: 5bf90977ac15dd6e18f747d1f81e4170 -> 
  custom:scripting/monoscript/fileName/NavMeshExtensionsProvider.cs: 69e6f55ea01b350798a9a6877d8f1980 -> 
  custom:scripting/precompiled-assembly-types:NavMeshPlusEditor: 32fffff4888fb83012b40435bb92a2d2 -> 
  custom:scripting/monoscript/fileName/RunItemContext.cs: bb4ef75ce860de201ddb04b582034b5c -> d35b5dd5e31389598dfa65d33e4ba88d
  custom:scripting/monoscript/fileName/CollectSourcesCache2dEditor.cs: 7923a05fa1d7bc1f80ceaccaa5f228e0 -> 
  custom:audio-encoder-webm-vorbis: bf7c407c2cedff20999df2af8eb42d56 -> 
  custom:scripting/monoscript/fileName/NavMeshAreaAttribute.cs: 36ab7d825d587e0cc526e78b0ebb9161 -> 
  custom:scripting/precompiled-assembly-types:Assembly-CSharp: 73ec5427413974e391864ba90d8fb218 -> 95d7ddf1f3bfd14a740fc755b4e037a1
  custom:scripting/monoscript/fileName/SystemConvertersEditor.cs: c127c1335f24b77ca70195bf2136c6a2 -> 
  custom:scripting/monoscript/fileName/NavMeshAgentAttribute.cs: 1f3fecd3fc5aa9dbf2b78113dce250c9 -> 
  custom:scripting/monoscript/fileName/NavMeshModifierTilemap.cs: c6bf249f98da2b512cd69683af52b9c2 -> 
========================================================================
Received Prepare
Caller must complete domain reload
Begin MonoManager ReloadAssembly
- Loaded All Assemblies, in  0.951 seconds
Native extension for WindowsStandalone target not found
Native extension for WebGL target not found
[Package Manager] Server::EnsureServerProcessIsRunning -- launch failed, reason: Unity was launched with the -noUpm command-line argument
[Package Manager] UpmClient::Send -- Unable to send message (not connected to UPM process).
[Package Manager] Cannot connect to Unity Package Manager local server
Mono: successfully reloaded assembly
- Finished resetting the current domain, in  2.152 seconds
Domain Reload Profiling: 3102ms
	BeginReloadAssembly (218ms)
		ExecutionOrderSort (0ms)
		DisableScriptedObjects (15ms)
		BackupInstance (0ms)
		ReleaseScriptingObjects (0ms)
		CreateAndSetChildDomain (50ms)
	RebuildCommonClasses (52ms)
	RebuildNativeTypeToScriptingClass (15ms)
	initialDomainReloadingComplete (48ms)
	LoadAllAssembliesAndSetupDomain (616ms)
		LoadAssemblies (516ms)
		RebuildTransferFunctionScriptingTraits (0ms)
		AnalyzeDomain (221ms)
			TypeCache.Refresh (162ms)
				TypeCache.ScanAssembly (138ms)
			ScanForSourceGeneratedMonoScriptInfo (39ms)
			ResolveRequiredComponents (18ms)
	FinalizeReload (2153ms)
		ReleaseScriptCaches (0ms)
		RebuildScriptCaches (0ms)
		SetupLoadedEditorAssemblies (816ms)
			LogAssemblyErrors (0ms)
			InitializePlatformSupportModulesInManaged (6ms)
			SetLoadedEditorAssemblies (5ms)
			RefreshPlugins (0ms)
			BeforeProcessingInitializeOnLoad (100ms)
			ProcessInitializeOnLoadAttributes (596ms)
			ProcessInitializeOnLoadMethodAttributes (105ms)
			AfterProcessingInitializeOnLoad (4ms)
			EditorAssembliesLoaded (0ms)
		ExecutionOrderSort2 (0ms)
		AwakeInstancesAfterBackupRestoration (20ms)
Refreshing native plugins compatible for Editor in 6.38 ms, found 4 plugins.
Preloading 0 native plugins for Editor in 0.00 ms.
Unloading 5793 Unused Serialized files (Serialized files now loaded: 0)
Unloading 48 unused Assets / (1.2 MB). Loaded Objects now: 6417.
Memory consumption went from 200.5 MB to 199.3 MB.
Total: 4.340300 ms (FindLiveObjects: 0.600800 ms CreateObjectMapping: 0.179900 ms MarkObjects: 2.917300 ms  DeleteObjects: 0.640600 ms)

Prepare: number of updated asset objects reloaded= 0
AssetImportParameters requested are different than current active one (requested -> active):
  custom:scripting/monoscript/fileName/UniqueComponentAttribute.cs: b3625b7af20541a12c4d62b195a8af84 -> 
  custom:scripting/monoscript/fileName/NavMeshSurface.cs: 1cd02bcdec9d22fff74c99422329f637 -> 
  custom:scripting/monoscript/fileName/HierarchicalGraph.cs: 63493225fabc5bcdf0d470e54fb4745f -> 
  custom:scripting/monoscript/fileName/PathReturnQueue.cs: 084c9c3f4d7dc9dfeb60dc89c094a5ba -> 
  custom:scripting/monoscript/fileName/EuclideanEmbedding.cs: 84655e9b7faec781aafda114f03005d9 -> 
  custom:scripting/monoscript/fileName/PatrolAction.cs: 22341709d4eee5b2d25efeeed0158f7e -> 
  custom:scripting/precompiled-assembly-types:Unity.AI.Navigation: 5d8fa505e3253b9a2a456e2c28a1afb3 -> 
  custom:scripting/monoscript/fileName/AstarMath.cs: b94ab38a7fedb9f22f761f844e938630 -> 
  custom:scripting/monoscript/fileName/AlternativePath.cs: aaa2af9af5f481f6d93aeaed9d25aef9 -> 
  custom:scripting/monoscript/fileName/GraphGizmoHelper.cs: a19805a45c01baece9073e46f0b0dff8 -> 
  custom:container-demuxer-ogg: 62fdf1f143b41e24485cea50d1cbac27 -> 
  custom:scripting/monoscript/fileName/AILerpEditor.cs: f9ef6499ca9f6148c1cb6345ca637b8e -> 
  custom:scripting/monoscript/fileName/MineBotAI.cs: 415ae3050f34e26460057c62ef2ea109 -> 
  custom:scripting/monoscript/fileName/NavMeshModifierVolumeEditor.cs: 9ff23c1c3f57fe2d5f4522b7b3750d5d -> 
  custom:scripting/monoscript/fileName/NavigationOverlay.cs: 2744f4e7946ebbb71339c9b1ce538d00 -> 
  custom:scripting/monoscript/fileName/GridGenerator.cs: 33f0b54320c10ab9fa4c5effe38c2a14 -> 
  custom:scripting/monoscript/fileName/JsonSerializer.cs: 26b81ffbaecd5a378573838cb57c7d7a -> 
  custom:scripting/monoscript/fileName/PathUtilities.cs: 29cf544b8348e044741865327af665e2 -> 
  custom:scripting/monoscript/fileName/AstarPathEditor.cs: e5b8de9e947ba6f59afed0b0a977326a -> 
  custom:scripting/monoscript/fileName/ConverterItemDescriptor.cs: ce581e054faf450c31196535a41f95f6 -> 4bfcc3b0da7a9782753fe3b6e82125de
  custom:scripting/monoscript/fileName/RetainedGizmos.cs: 2ce4989810c8a187de0daa6380027a6b -> 
  custom:scripting/monoscript/fileName/ChaseAction.cs: 08a884b04413c227c1efaecfd498ef76 -> 
  custom:scripting/monoscript/fileName/GraphUpdateShape.cs: 622ef8a15420c3e57d69dde59f796c8f -> 
  custom:scripting/monoscript/fileName/ArrayPool.cs: ea030af2a3467923ec043ef6a0be675a -> b62e0c23bd2ab197e5146f9826836769
  custom:scripting/precompiled-assembly-types:PackageToolsEditor: 66448ae3e1f0b7d672e2cc4243c7c914 -> 
  custom:scripting/monoscript/fileName/AstarProfiler.cs: d4eb701654188d46d85f2970ef030531 -> 
  custom:scripting/monoscript/fileName/AgentRotate2d.cs: 4fc9bf049e642c22bb70a10bd6141854 -> 
  custom:scripting/monoscript/fileName/GraphModifier.cs: 32278604aaf402550ed6f8619b93cbed -> 
  custom:scripting/monoscript/fileName/BuiltInToNavMeshSurfaceConverterContainer.cs: c40a906f9f99ea8a6c5aaa215767017f -> 
  custom:scripting/monoscript/fileName/NavMeshExtension.cs: f2880cc340f13915f85c8de1a56c5b36 -> 
  custom:scripting/monoscript/fileName/NavMeshModifierTilemapEditor.cs: 16926265ae8f26d5a2700ab22c013dd0 -> 
  custom:scripting/monoscript/fileName/GraphEditor.cs: 3758c9dd3777ec91fe3a44b637d71799 -> aee98c93a25bac1e1981d71c19e5453c
  custom:video-decoder-ogg-theora: a1e56fd34408186e4bbccfd4996cb3dc -> 
  custom:scripting/monoscript/fileName/MovementUtilities.cs: 6eb96d3d615f0fd228b10a4c6fb1bb28 -> 
  custom:scripting/monoscript/fileName/AstarDebugger.cs: aa90fc00d95f8b2c949aee1882c0254a -> 
  custom:scripting/monoscript/fileName/EditorBase.cs: d44a66775f9c434d0c2a80a9d72c3d16 -> 
  custom:scripting/monoscript/fileName/LegacyAIPath.cs: cfe005078bcec50f649c6c4351f5b0d8 -> 
  custom:framework-win-MediaFoundation: 216162199b28c13a410421893ffa2e32 -> 
  custom:scripting/monoscript/fileName/NavigationWindow.cs: 7884404b71178f59d8819c380b951d7c -> 
  custom:scripting/monoscript/fileName/GridLookup.cs: 849ed7f5b11c9db237ef61b01c5a5104 -> 
  custom:scripting/monoscript/fileName/ProceduralWorld.cs: 86370ecee01dd038cc86efe40502357d -> 
  custom:scripting/monoscript/fileName/AnimationLinkEditor.cs: b6794127c73359111150906e27c93a73 -> 
  custom:scripting/monoscript/fileName/CollectTilemapSourcesCache2d.cs: 023c45f2678f00c203841e99e3be64cc -> 
  custom:scripting/monoscript/fileName/EnemySight.cs: a6491aeba952bde53f42d6a671299159 -> 
  custom:scripting/monoscript/fileName/NavMeshComponentsGUIUtility.cs: c36fbfafc49fa17941fd91bcea1fc8aa -> 
  custom:scripting/monoscript/fileName/PathPool.cs: 1123593bf37c8c96e6b0e44874c284da -> 
  custom:scripting/monoscript/fileName/PointNode.cs: d137c301423aa8ffe8d0b367077ab7b1 -> 
  custom:scripting/monoscript/fileName/UnityReferenceHelper.cs: 815ba27273097d252e98868df57c48ed -> 
  custom:scripting/monoscript/fileName/StackPool.cs: 8f6297df34271fdb1ce2d9607ec6261d -> 90647cc400823b41df847a6cbfc29026
  custom:scripting/monoscript/fileName/LineOfSightDecision.cs: 4adaa147deca1b95707703819c1cf06d -> 
  custom:scripting/monoscript/fileName/CollectSourcesCache2d.cs: 25a2fc54d6daa18dc264d5d4cee75246 -> 
  custom:scripting/monoscript/fileName/NavmeshBase.cs: 3da5337d439a7afe7a83b89f5c74093d -> 
  custom:scripting/monoscript/fileName/ConverterItemInfo.cs: f61437cbb7953fbfeff62301ac8e3fd0 -> c46259e49e129111234cddabf164943d
  custom:scripting/monoscript/fileName/NodeLink2.cs: c947f3c31ae1bc945498fd1da342d99d -> 
  custom:CustomObjectIndexerAttribute: 72b91833f83ae208fae7752999fa3104 -> 
  custom:scripting/monoscript/fileName/AgentOverride2dEditor.cs: 6de205457008ed0fb4e3092b0c3c5865 -> 
  custom:scripting/monoscript/fileName/NavMeshAssetManager.cs: 520a1130381647e06575ec6ac4473f2b -> 
  custom:scripting/monoscript/fileName/ProfileHelper.cs: c0275995342bb6dcf25e8efeb5e042ef -> 
  custom:scripting/monoscript/fileName/NavMeshSurfaceEditor.cs: 2129d1e3360abae92b79358f48c31e11 -> 
  custom:container-demuxer-webm: 4f35f7cbe854078d1ac9338744f61a02 -> 
  custom:scripting/monoscript/fileName/GridGeneratorEditor.cs: 71582c2d3a8ace5000205c43a4b2b8bc -> 
  custom:scripting/monoscript/fileName/ObjectPlacer.cs: bdf5425b53b9c47af1a0f9ea91121ee3 -> 
  custom:scripting/monoscript/fileName/NavMeshModifierVolume.cs: 0ce026f1094606c8a54952ab73721471 -> 
  custom:scripting/monoscript/fileName/CollectSources2dEditor.cs: b7e0ba2599756384eb5c465d845f955e -> 
  custom:scripting/monoscript/fileName/NavMeshUpdaterUtility.cs: 5eb03802e6dba19b3e13aaf384805cac -> 
  custom:scripting/monoscript/fileName/AstarPath.cs: 7641ae5e28cbb92d0373fc6bd7a81cf6 -> 
  custom:scripting/monoscript/fileName/astarclasses.cs: f938c6f008fc219a6238d7de5e32e7ab -> 
  custom:scripting/monoscript/fileName/BaseEnemy.cs: 170a28e644b831d5df95610262d0fe55 -> 
  custom:scripting/monoscript/fileName/NavigationPreferences.cs: ada9399a4f085d4c824cc06527e7fcae -> 
  custom:scripting/monoscript/fileName/AstarParallel.cs: 90647cc400823b41df847a6cbfc29026 -> 
  custom:scripting/monoscript/fileName/AstarData.cs: 6e06f0c73ab275a7cc31f164497235c1 -> 
  custom:scripting/monoscript/fileName/BinaryHeap.cs: 5806ba2c192f2cac928d00993001d300 -> 
  custom:scripting/monoscript/fileName/SingleNodeBlocker.cs: f3efb33cbae2964a14a9d1eb308077d2 -> 
  custom:scripting/monoscript/fileName/LegacyEditorHelper2.cs: df626ec6c73b5458c7cf0f606aba681e -> 
  custom:scripting/monoscript/fileName/AILerp.cs: 0171ee96ded20da5ca47c831e8b9f44e -> 
  custom:scripting/monoscript/fileName/ABPath.cs: 6722c8cdb9c15c26c6e2a472d9a675fa -> 
  custom:scripting/monoscript/fileName/NavMeshGeneratorEditor.cs: 92c9bd31e944299a229656fec48b9ebc -> 
  custom:scripting/monoscript/fileName/Draw.cs: 770159e2db38c8fe2258ed4ccf9a0a53 -> 
  custom:scripting/monoscript/fileName/GraphTransform.cs: 99641c04744163c2b284fa00b3dd21b9 -> 
  custom:scripting/monoscript/fileName/PathInterpolator.cs: 6379b92f326ac7566ecbed860a512c4c -> 
  custom:scripting/monoscript/fileName/NavMeshUpdaterEditor.cs: 169704080eda430978bba61ddedeb304 -> 
  custom:scripting/monoscript/fileName/FunnelModifier.cs: 819cf582e76b7ec1ae121e02fd10924a -> 
  custom:scripting/monoscript/fileName/GridNode.cs: 7921ae6c52270050aac02a26dffee560 -> 
  custom:scripting/monoscript/fileName/TriangleMeshNode.cs: f42b3190c8fd7ef135aefa9cc6f790e7 -> 
  custom:scripting/monoscript/fileName/AstarMemory.cs: 30b1fd683ab24aad9fb1f97e20e61250 -> 
  custom:scripting/monoscript/fileName/ThreadControlQueue.cs: dcc4425bbd5ea0a11ed2aee24fd3b36e -> 
  custom:scripting/monoscript/fileName/NavMeshGenerator.cs: 148e17f70ef7fb72ed58c6f2bfec90e1 -> 
  custom:scripting/precompiled-assembly-types:Unity.AI.Navigation.Editor.ConversionSystem: 27c718e5de2659aeeb663e092dc21158 -> 
  custom:scripting/monoscript/fileName/Funnel.cs: 0121a0d4c7feee7e675dfdb28523c565 -> 
  custom:scripting/monoscript/fileName/GraphNode.cs: 789cfbe2ac5771389d9978abf1bd778e -> 
  custom:scripting/monoscript/fileName/RotateAgentSmoothly.cs: 862431bad16f34c4c67f6b9b39eb0ef7 -> 
  custom:scripting/monoscript/fileName/PointGeneratorEditor.cs: d2d0a806becefb02d560d80a9ad8b8bc -> 
  custom:scripting/monoscript/fileName/NavMeshModifierEditor.cs: 07f56655059b4b41c3dd29ef40cb7f73 -> 
  custom:container-muxer-webm: aa71ff27fc2769a1b78a27578f13a17b -> 
  custom:scripting/monoscript/fileName/PatrolPoints.cs: 8bcda65e53c8aa533ffcde705be93cc6 -> 
  custom:scripting/monoscript/fileName/NavMeshAreaAttributePropertyDrawer.cs: 49490928a6c11ad8d1633fb545822618 -> 
  custom:scripting/monoscript/fileName/ObjectPool.cs: c35299e09f7cf3e93ca9afa6a1bbeaaf -> 
  custom:scripting/monoscript/fileName/MiscLegacy.cs: 90647cc400823b41df847a6cbfc29026 -> 
  custom:scripting/monoscript/fileName/AIBase.cs: e2543b24b90d23f68a36472162561245 -> 
  custom:scripting/monoscript/fileName/CustomGraphEditorAttribute.cs: 358472aad9efea12d9d41d27b93924a9 -> 
  custom:video-decoder-webm-vp8: 9c59270c3fd7afecdb556c50c9e8de78 -> 
  custom:scripting/monoscript/fileName/NavmeshTile.cs: 6178bb7f87a5250c3a0bedd3d8bade92 -> 
  custom:scripting/precompiled-assembly-types:Unity.AI.Navigation.Editor: 7eaf38f66973fde07200cf372b24130e -> 
  custom:scripting/monoscript/fileName/AIPath.cs: ccdb0d50c7e85161b93e590cb42338ee -> 
  custom:scripting/monoscript/fileName/HelpUrls.cs: c1a90585e3e9c9d25f58f9141655f24f -> 
  custom:scripting/monoscript/fileName/EditorStyles.cs: 86b9f4d8fe570a8d8295bfc466c975cf -> 
  custom:scripting/monoscript/fileName/SimpleSmoothModifier.cs: 35f7ddda531aa22608588327edf22a41 -> 
  custom:scripting/monoscript/fileName/AstarSmoothFollow2.cs: 10d9461ad4afbf0201896a4a8e0ea139 -> 
  custom:scripting/monoscript/fileName/SmoothModifierEditor.cs: 8dbe1381ce6507b37e1133324bb24e61 -> 
  custom:scripting/monoscript/fileName/GraphEditorBase.cs: f9a5804c83f339327faf37ba174e9af6 -> 
  custom:SearchIndexIgnoredProperties: e643bd26f0fe6173181afceb89e7c659 -> 
  custom:scripting/precompiled-assembly-types:Unity.AI.Navigation.Updater: d2095ddf03fd615830d6dacf5841450d -> 
  custom:scripting/monoscript/fileName/NavMeshLinkEditor.cs: 27a612e605519f2563b5eebb8ecf2c15 -> 
  custom:AudioImporter_EditorPlatform: d09bf68614088b80899f8185d706f6e7 -> 
  custom:scripting/monoscript/fileName/NavMeshModifier.cs: 08c148f5182ce13ca868880b0ccc03b9 -> 
  custom:scripting/monoscript/fileName/NavMeshBuilderState.cs: 6d7f164db587b9d55ca8274fbe918c8a -> 
  custom:scripting/monoscript/fileName/AstarUpdateWindow.cs: e8960e37797675a03bcd12111982811f -> 
  custom:scripting/monoscript/fileName/GraphUpdateScene.cs: 45d8b6113172dbdb919d9f1d0e755472 -> 
  custom:scripting/monoscript/fileName/EnumFlagAttribute.cs: 9367a8193d43760ddbf23d033509ce06 -> 
  custom:scripting/monoscript/fileName/RotateAgentInstantly.cs: ad87b628ef97add4b69a6c7ee7f415df -> 
  custom:scripting/monoscript/fileName/CollectSources2d.cs: c3bca549cfe734d766ea29e1c1865842 -> 
  custom:scripting/monoscript/fileName/PathHandler.cs: 71931eeeb6b18b285ee8c4e211f85a07 -> 
  custom:scripting/monoscript/fileName/MineBotAnimation.cs: bd1c3324aa5826cda97fa508f86cf90e -> 
  custom:scripting/monoscript/fileName/State.cs: db891518220a6163c151c4468d6f2be8 -> 38c6fba04588f373bfdd7779996d16fa
  custom:scripting/monoscript/fileName/Int3.cs: c652062de4cf1db686ee9661cdca010b -> 
  custom:scripting/monoscript/fileName/IAstarAI.cs: 4b4e357cbb35334651d736cfd7616f07 -> 
  custom:scripting/monoscript/fileName/DynamicGridObstacle.cs: 170d80cdb25fc17861080d3ad9c1ed68 -> 
  custom:scripting/monoscript/fileName/TargetMover.cs: 28063419c4fe19a79af3675c05564120 -> 
  custom:scripting/monoscript/fileName/NavMeshSceneConverter.cs: baf486a1c1cdf03a3111dd113d13c2f4 -> 
  custom:scripting/monoscript/fileName/BBTree.cs: 5565ba2b30b5a074028ad9b7eff633eb -> 
  custom:scripting/monoscript/fileName/VersionedMonoBehaviour.cs: 479da35603dceac16d116865b0c8905b -> 
  custom:scripting/monoscript/fileName/NodeLink3.cs: a8cd2d6ed92ece149d98e5bde12b4199 -> 
  custom:scripting/monoscript/fileName/WindowsStoreCompatibility.cs: d27f9d06229bea88272059f4b060c04b -> 
  custom:scripting/monoscript/fileName/AstarChecksum.cs: 740eeaaf95e53dbe8c6f02d0afe2af42 -> 
  custom:scripting/monoscript/fileName/NavMeshBuilder2d.cs: d3b8c2725a9cd9e98a701a88e05c8b47 -> 
  custom:scripting/monoscript/fileName/GraphUtilities.cs: 0b6d37ad42b4ec08c1be6e10db0185b9 -> 
  custom:scripting/monoscript/fileName/GraphUpdateSceneEditor.cs: 01feec68e4a0058c9bbeea8a073b5381 -> 
  custom:scripting/monoscript/fileName/AutoRepathPolicy.cs: 6fde6fdde6ca654338d17efba3230b09 -> 
  custom:scripting/monoscript/fileName/AIDestinationSetter.cs: 3165720759393e86b54cc7e565734876 -> 
  custom:scripting/monoscript/fileName/SystemConverterContainer.cs: eb4026ea01a117ce0888f693e9eed2cd -> 
  custom:scripting/monoscript/fileName/NavMeshAgentAttributePropertyDrawer.cs: 29063b94aa7055363356a6e20c087fb4 -> 
  custom:scripting/monoscript/fileName/RootSources2d.cs: b5ed6c198f25e32663e8eb90cc749880 -> 
  custom:scripting/monoscript/fileName/NavMeshLink.cs: e14e05ace48bbb07a523202228054a2d -> 
  custom:scripting/monoscript/fileName/RootSources2dEditor.cs: 73a24493fd3383cfe13e4b704142b0a3 -> 
  custom:scripting/monoscript/fileName/AIBaseEditor.cs: 10d75b65f3197497c7805195108a99f6 -> 
  custom:scripting/monoscript/fileName/GraphUpdateUtilities.cs: beb600b56848c2d746c96952477fa91f -> 
  custom:scripting/monoscript/fileName/GraphUpdateProcessor.cs: 0f6b452287f3a8b922bee15ba8cd8ce2 -> 
  custom:scripting/monoscript/fileName/Seeker.cs: d2d70a0ba9ff389eee8a85a513a0b6de -> 
  custom:scripting/monoscript/fileName/PointGenerator.cs: 42016155a83d365ea398cadce24f0513 -> 
  custom:scripting/monoscript/fileName/NavmeshUpdates.cs: 48e72149de81f384cbc40c73672ff2de -> 
  custom:scripting/monoscript/fileName/TinyJson.cs: b00b08a8dcbcdd34c88155683d55b498 -> 
  custom:scripting/monoscript/fileName/ObsoleteNavigationWindowMenuEntry.cs: c7f73386e6473f401a8e4151cac4e1e5 -> 
  custom:scripting/monoscript/fileName/InitializeConverterContext.cs: a45c5db80ce634a6cb9d0945b8b3954d -> d3d3f1d70ac16a8a43542759983f9035
  custom:scripting/monoscript/fileName/Patrol.cs: ea4a56ede9e35e9fd8c13db4593ee9f8 -> 
  custom:scripting/monoscript/fileName/Base.cs: b550c6340b0bf7c3ece0d9e1fdb091ec -> 
  custom:scripting/monoscript/fileName/SystemConverter.cs: c748d1769fc66e95256254a1cc1497f3 -> 
  custom:scripting/monoscript/fileName/SnapToNode.cs: 073f704d6f2ead3c8772c2c21f6e7720 -> 
  custom:scripting/precompiled-assembly-types:AstarPathfindingProjectEditor: cabc1cf0b76b504b607dcefa50d15c24 -> 
  custom:scripting/monoscript/fileName/ProceduralGridMoverEditor.cs: b28c166df46c297d751f2d51d9ee8a0d -> 
  custom:scripting/monoscript/fileName/ObjImporter.cs: 19dc9f1aa6f2a33cf98d13cd88f0d2b2 -> 
  custom:scripting/monoscript/fileName/BlockManager.cs: b06ebfe851f0af8c16aebd4657e74b1a -> 
  custom:scripting/monoscript/fileName/NodeLink.cs: 5470724a66101568a2b311b38ed33a0e -> 
  custom:video-encoder-webm-vp8: eb34c28f22e8b96e1ab97ce403110664 -> 
  custom:scripting/monoscript/fileName/RaycastModifierEditor.cs: 4f4754e1e95820cd19121a54f45dcec9 -> 
  custom:audio-decoder-ogg-vorbis: bf7c407c2cedff20999df2af8eb42d56 -> 
  custom:scripting/monoscript/fileName/AgentOverride2d.cs: 866bbdb2fb2e2b9168f317739e51c882 -> 
  custom:scripting/monoscript/fileName/StartEndModifier.cs: 9bf87a142a54838931f84df46648f447 -> 
  custom:scripting/precompiled-assembly-types:NavMeshPlus: 84533478e69060447a7baa571e86769a -> 
  custom:scripting/monoscript/fileName/AgentRotateSmooth2d.cs: 5bf90977ac15dd6e18f747d1f81e4170 -> 
  custom:scripting/monoscript/fileName/WorkItemProcessor.cs: fb1d0566c15a3b7745567c1ee62e41e2 -> 
  custom:scripting/monoscript/fileName/TurnBasedAI.cs: 162929413ae3bca0670c066bdeb2bcc7 -> 
  custom:scripting/precompiled-assembly-types:AstarPathfindingProject: f78b38d2f64a4abf4d1082df41db8043 -> 
  custom:scripting/monoscript/fileName/NavMeshExtensionsProvider.cs: 69e6f55ea01b350798a9a6877d8f1980 -> 
  custom:scripting/monoscript/fileName/EnumFlagDrawer.cs: 02dc82b0e3bf62a8c6a86d30c294a717 -> 
  custom:scripting/monoscript/fileName/GridNodeBase.cs: 9c9006d7913aa471ea1088c9d4744e37 -> 
  custom:scripting/monoscript/fileName/AstarUpdateChecker.cs: bfc0fce0134617818d07490b030d142b -> 
  custom:scripting/monoscript/fileName/SeekerEditor.cs: 30243536891acada95ce8a8fda1ff1f6 -> 
  custom:scripting/monoscript/fileName/DoorController.cs: a381d5c9755697129003313d98f3b9a0 -> 
  custom:scripting/precompiled-assembly-types:NavMeshPlusEditor: 32fffff4888fb83012b40435bb92a2d2 -> 
  custom:scripting/monoscript/fileName/RunItemContext.cs: bb4ef75ce860de201ddb04b582034b5c -> d35b5dd5e31389598dfa65d33e4ba88d
  custom:scripting/monoscript/fileName/EditorResourceHelper.cs: ed67944832008a33c474ff6bcee0e4cb -> 
  custom:scripting/monoscript/fileName/PointKDTree.cs: ec3cfe27fa9ab4ddd10f76389ff3801c -> 
  custom:scripting/monoscript/fileName/PathProcessor.cs: 6f11ea012e916b1dbdf6dcae9790b51b -> 
  custom:scripting/monoscript/fileName/CollectSourcesCache2dEditor.cs: 7923a05fa1d7bc1f80ceaccaa5f228e0 -> 
  custom:scripting/monoscript/fileName/LegacyAIPathEditor2.cs: 6fb3616bc263cc583ed01abbc72eb65f -> 
  custom:audio-encoder-webm-vorbis: bf7c407c2cedff20999df2af8eb42d56 -> 
  custom:scripting/monoscript/fileName/AnimationLink.cs: bc7ed811756f95fa323c53daf2bdac2f -> 
  custom:scripting/monoscript/fileName/RaycastModifier.cs: af2c3651f86356fa379e396a1d3673a0 -> 
  custom:scripting/monoscript/fileName/ListPool.cs: c900152183a6315a4d8a1e96ee0dae67 -> 83eb6d84b88e8ca72e9441e5be527923
  custom:scripting/monoscript/fileName/Path.cs: 039bb327c438df22d0d7be15ebd64093 -> 
  custom:scripting/monoscript/fileName/EditorGUIx.cs: c724a70fb6b05f9dc0503e5ae4905368 -> 
  custom:scripting/monoscript/fileName/NavMeshAreaAttribute.cs: 36ab7d825d587e0cc526e78b0ebb9161 -> 
  custom:scripting/precompiled-assembly-types:Assembly-CSharp: 73ec5427413974e391864ba90d8fb218 -> 95d7ddf1f3bfd14a740fc755b4e037a1
  custom:scripting/monoscript/fileName/SystemConvertersEditor.cs: c127c1335f24b77ca70195bf2136c6a2 -> 
  custom:scripting/monoscript/fileName/RelevantGraphSurface.cs: a6abafc2923fee7161ce9dfab84e4342 -> 
  custom:scripting/monoscript/fileName/NavMeshAgentAttribute.cs: 1f3fecd3fc5aa9dbf2b78113dce250c9 -> 
  custom:scripting/precompiled-assembly-types:Pathfinding.Ionic.Zip.Reduced: cd65478727c407358900dc223d454cfc -> 
  custom:scripting/monoscript/fileName/NavMeshModifierTilemap.cs: c6bf249f98da2b512cd69683af52b9c2 -> 
  custom:scripting/monoscript/fileName/DotNetReplacements.cs: fd8db994f2e75d4af6ddb075b8dcd124 -> 
  custom:scripting/monoscript/fileName/Modifiers.cs: ace05f6ef5dcf2f90557557a08fe3d8d -> 
  custom:scripting/monoscript/fileName/ProceduralGridMover.cs: 9f873e55cd99cd9f4a2efd427c11c746 -> 
